2013-10-21 03:06:12 Error: [MissingPluginException] Plugin Bookmarklet could not be found.
Exception Attributes: array (
  'plugin' => 'Bookmarklet',
)
Request URL: /doooie/sites
Stack Trace:
#0 /Applications/XAMPP/cakephp/lib/Cake/Core/App.php(367): CakePlugin::path('Bookmarklet')
#1 /Applications/XAMPP/cakephp/lib/Cake/Core/App.php(228): App::pluginPath('Bookmarklet')
#2 /Applications/XAMPP/cakephp/lib/Cake/Core/App.php(549): App::path('View/Helper', 'Bookmarklet')
#3 [internal function]: App::load('BookmarkletHelp...')
#4 [internal function]: spl_autoload_call('BookmarkletHelp...')
#5 /Applications/XAMPP/cakephp/lib/Cake/View/HelperCollection.php(130): class_exists('BookmarkletHelp...')
#6 /Applications/XAMPP/cakephp/lib/Cake/View/View.php(869): HelperCollection->load('Bookmarklet.Boo...', Array)
#7 /Applications/XAMPP/cakephp/lib/Cake/View/View.php(343): View->loadHelpers()
#8 /Applications/XAMPP/cakephp/lib/Cake/Controller/Controller.php(1240): View->__construct(Object(SitesController))
#9 /Applications/XAMPP/cakephp/lib/Cake/Controller/Controller.php(938): Controller->_getViewObject()
#10 /Applications/XAMPP/cakephp/lib/Cake/Routing/Dispatcher.php(194): Controller->render()
#11 /Applications/XAMPP/cakephp/lib/Cake/Routing/Dispatcher.php(162): Dispatcher->_invoke(Object(SitesController), Object(CakeRequest), Object(CakeResponse))
#12 /Applications/XAMPP/xamppfiles/htdocs/doooie/webroot/index.php(101): Dispatcher->dispatch(Object(CakeRequest), Object(CakeResponse))
#13 {main}
2013-10-21 03:06:17 Error: [MissingControllerException] Controller class SiteController could not be found.
Exception Attributes: array (
  'class' => 'SiteController',
  'plugin' => NULL,
)
Request URL: /doooie/site
Stack Trace:
#0 /Applications/XAMPP/xamppfiles/htdocs/doooie/webroot/index.php(101): Dispatcher->dispatch(Object(CakeRequest), Object(CakeResponse))
#1 {main}
2013-10-21 03:06:34 Error: [MissingPluginException] Plugin Bookmarklet could not be found.
Exception Attributes: array (
  'plugin' => 'Bookmarklet',
)
Request URL: /doooie/sites
Stack Trace:
#0 /Applications/XAMPP/cakephp/lib/Cake/Core/App.php(367): CakePlugin::path('Bookmarklet')
#1 /Applications/XAMPP/cakephp/lib/Cake/Core/App.php(228): App::pluginPath('Bookmarklet')
#2 /Applications/XAMPP/cakephp/lib/Cake/Core/App.php(549): App::path('View/Helper', 'Bookmarklet')
#3 [internal function]: App::load('BookmarkletHelp...')
#4 [internal function]: spl_autoload_call('BookmarkletHelp...')
#5 /Applications/XAMPP/cakephp/lib/Cake/View/HelperCollection.php(130): class_exists('BookmarkletHelp...')
#6 /Applications/XAMPP/cakephp/lib/Cake/View/View.php(869): HelperCollection->load('Bookmarklet.Boo...', Array)
#7 /Applications/XAMPP/cakephp/lib/Cake/View/View.php(343): View->loadHelpers()
#8 /Applications/XAMPP/cakephp/lib/Cake/Controller/Controller.php(1240): View->__construct(Object(SitesController))
#9 /Applications/XAMPP/cakephp/lib/Cake/Controller/Controller.php(938): Controller->_getViewObject()
#10 /Applications/XAMPP/cakephp/lib/Cake/Routing/Dispatcher.php(194): Controller->render()
#11 /Applications/XAMPP/cakephp/lib/Cake/Routing/Dispatcher.php(162): Dispatcher->_invoke(Object(SitesController), Object(CakeRequest), Object(CakeResponse))
#12 /Applications/XAMPP/xamppfiles/htdocs/doooie/webroot/index.php(101): Dispatcher->dispatch(Object(CakeRequest), Object(CakeResponse))
#13 {main}
2013-10-21 03:07:01 Error: [MissingPluginException] Plugin Bookmarklet could not be found.
Exception Attributes: array (
  'plugin' => 'Bookmarklet',
)
Request URL: /doooie/sites
Stack Trace:
#0 /Applications/XAMPP/cakephp/lib/Cake/Core/App.php(367): CakePlugin::path('Bookmarklet')
#1 /Applications/XAMPP/cakephp/lib/Cake/Core/App.php(228): App::pluginPath('Bookmarklet')
#2 /Applications/XAMPP/cakephp/lib/Cake/Core/App.php(549): App::path('View/Helper', 'Bookmarklet')
#3 [internal function]: App::load('BookmarkletHelp...')
#4 [internal function]: spl_autoload_call('BookmarkletHelp...')
#5 /Applications/XAMPP/cakephp/lib/Cake/View/HelperCollection.php(130): class_exists('BookmarkletHelp...')
#6 /Applications/XAMPP/cakephp/lib/Cake/View/View.php(869): HelperCollection->load('Bookmarklet.Boo...', Array)
#7 /Applications/XAMPP/cakephp/lib/Cake/View/View.php(343): View->loadHelpers()
#8 /Applications/XAMPP/cakephp/lib/Cake/Controller/Controller.php(1240): View->__construct(Object(SitesController))
#9 /Applications/XAMPP/cakephp/lib/Cake/Controller/Controller.php(938): Controller->_getViewObject()
#10 /Applications/XAMPP/cakephp/lib/Cake/Routing/Dispatcher.php(194): Controller->render()
#11 /Applications/XAMPP/cakephp/lib/Cake/Routing/Dispatcher.php(162): Dispatcher->_invoke(Object(SitesController), Object(CakeRequest), Object(CakeResponse))
#12 /Applications/XAMPP/xamppfiles/htdocs/doooie/webroot/index.php(101): Dispatcher->dispatch(Object(CakeRequest), Object(CakeResponse))
#13 {main}
2013-10-21 03:07:02 Error: [MissingPluginException] Plugin Bookmarklet could not be found.
Exception Attributes: array (
  'plugin' => 'Bookmarklet',
)
Request URL: /doooie/sites
Stack Trace:
#0 /Applications/XAMPP/cakephp/lib/Cake/Core/App.php(367): CakePlugin::path('Bookmarklet')
#1 /Applications/XAMPP/cakephp/lib/Cake/Core/App.php(228): App::pluginPath('Bookmarklet')
#2 /Applications/XAMPP/cakephp/lib/Cake/Core/App.php(549): App::path('View/Helper', 'Bookmarklet')
#3 [internal function]: App::load('BookmarkletHelp...')
#4 [internal function]: spl_autoload_call('BookmarkletHelp...')
#5 /Applications/XAMPP/cakephp/lib/Cake/View/HelperCollection.php(130): class_exists('BookmarkletHelp...')
#6 /Applications/XAMPP/cakephp/lib/Cake/View/View.php(869): HelperCollection->load('Bookmarklet.Boo...', Array)
#7 /Applications/XAMPP/cakephp/lib/Cake/View/View.php(343): View->loadHelpers()
#8 /Applications/XAMPP/cakephp/lib/Cake/Controller/Controller.php(1240): View->__construct(Object(SitesController))
#9 /Applications/XAMPP/cakephp/lib/Cake/Controller/Controller.php(938): Controller->_getViewObject()
#10 /Applications/XAMPP/cakephp/lib/Cake/Routing/Dispatcher.php(194): Controller->render()
#11 /Applications/XAMPP/cakephp/lib/Cake/Routing/Dispatcher.php(162): Dispatcher->_invoke(Object(SitesController), Object(CakeRequest), Object(CakeResponse))
#12 /Applications/XAMPP/xamppfiles/htdocs/doooie/webroot/index.php(101): Dispatcher->dispatch(Object(CakeRequest), Object(CakeResponse))
#13 {main}
2013-10-21 03:07:04 Error: [MissingPluginException] Plugin Bookmarklet could not be found.
Exception Attributes: array (
  'plugin' => 'Bookmarklet',
)
Request URL: /doooie/sites
Stack Trace:
#0 /Applications/XAMPP/cakephp/lib/Cake/Core/App.php(367): CakePlugin::path('Bookmarklet')
#1 /Applications/XAMPP/cakephp/lib/Cake/Core/App.php(228): App::pluginPath('Bookmarklet')
#2 /Applications/XAMPP/cakephp/lib/Cake/Core/App.php(549): App::path('View/Helper', 'Bookmarklet')
#3 [internal function]: App::load('BookmarkletHelp...')
#4 [internal function]: spl_autoload_call('BookmarkletHelp...')
#5 /Applications/XAMPP/cakephp/lib/Cake/View/HelperCollection.php(130): class_exists('BookmarkletHelp...')
#6 /Applications/XAMPP/cakephp/lib/Cake/View/View.php(869): HelperCollection->load('Bookmarklet.Boo...', Array)
#7 /Applications/XAMPP/cakephp/lib/Cake/View/View.php(343): View->loadHelpers()
#8 /Applications/XAMPP/cakephp/lib/Cake/Controller/Controller.php(1240): View->__construct(Object(SitesController))
#9 /Applications/XAMPP/cakephp/lib/Cake/Controller/Controller.php(938): Controller->_getViewObject()
#10 /Applications/XAMPP/cakephp/lib/Cake/Routing/Dispatcher.php(194): Controller->render()
#11 /Applications/XAMPP/cakephp/lib/Cake/Routing/Dispatcher.php(162): Dispatcher->_invoke(Object(SitesController), Object(CakeRequest), Object(CakeResponse))
#12 /Applications/XAMPP/xamppfiles/htdocs/doooie/webroot/index.php(101): Dispatcher->dispatch(Object(CakeRequest), Object(CakeResponse))
#13 {main}
2013-10-21 03:07:21 Error: [NotFoundException] Invalid site
Request URL: /doooie/sites/view
Stack Trace:
#0 [internal function]: SitesController->view()
#1 /Applications/XAMPP/cakephp/lib/Cake/Controller/Controller.php(490): ReflectionMethod->invokeArgs(Object(SitesController), Array)
#2 /Applications/XAMPP/cakephp/lib/Cake/Routing/Dispatcher.php(187): Controller->invokeAction(Object(CakeRequest))
#3 /Applications/XAMPP/cakephp/lib/Cake/Routing/Dispatcher.php(162): Dispatcher->_invoke(Object(SitesController), Object(CakeRequest), Object(CakeResponse))
#4 /Applications/XAMPP/xamppfiles/htdocs/doooie/webroot/index.php(101): Dispatcher->dispatch(Object(CakeRequest), Object(CakeResponse))
#5 {main}
2013-10-21 03:07:28 Error: [MissingPluginException] Plugin Bookmarklet could not be found.
Exception Attributes: array (
  'plugin' => 'Bookmarklet',
)
Request URL: /doooie/sites
Stack Trace:
#0 /Applications/XAMPP/cakephp/lib/Cake/Core/App.php(367): CakePlugin::path('Bookmarklet')
#1 /Applications/XAMPP/cakephp/lib/Cake/Core/App.php(228): App::pluginPath('Bookmarklet')
#2 /Applications/XAMPP/cakephp/lib/Cake/Core/App.php(549): App::path('View/Helper', 'Bookmarklet')
#3 [internal function]: App::load('BookmarkletHelp...')
#4 [internal function]: spl_autoload_call('BookmarkletHelp...')
#5 /Applications/XAMPP/cakephp/lib/Cake/View/HelperCollection.php(130): class_exists('BookmarkletHelp...')
#6 /Applications/XAMPP/cakephp/lib/Cake/View/View.php(869): HelperCollection->load('Bookmarklet.Boo...', Array)
#7 /Applications/XAMPP/cakephp/lib/Cake/View/View.php(343): View->loadHelpers()
#8 /Applications/XAMPP/cakephp/lib/Cake/Controller/Controller.php(1240): View->__construct(Object(SitesController))
#9 /Applications/XAMPP/cakephp/lib/Cake/Controller/Controller.php(938): Controller->_getViewObject()
#10 /Applications/XAMPP/cakephp/lib/Cake/Routing/Dispatcher.php(194): Controller->render()
#11 /Applications/XAMPP/cakephp/lib/Cake/Routing/Dispatcher.php(162): Dispatcher->_invoke(Object(SitesController), Object(CakeRequest), Object(CakeResponse))
#12 /Applications/XAMPP/xamppfiles/htdocs/doooie/webroot/index.php(101): Dispatcher->dispatch(Object(CakeRequest), Object(CakeResponse))
#13 {main}
2013-10-21 16:37:52 Error: [MissingPluginException] Plugin Bookmarklet could not be found.
Exception Attributes: array (
  'plugin' => 'Bookmarklet',
)
Request URL: /doooie/users/login
Stack Trace:
#0 /Applications/XAMPP/cakephp/lib/Cake/Core/App.php(367): CakePlugin::path('Bookmarklet')
#1 /Applications/XAMPP/cakephp/lib/Cake/Core/App.php(228): App::pluginPath('Bookmarklet')
#2 /Applications/XAMPP/cakephp/lib/Cake/Core/App.php(549): App::path('View/Helper', 'Bookmarklet')
#3 [internal function]: App::load('BookmarkletHelp...')
#4 [internal function]: spl_autoload_call('BookmarkletHelp...')
#5 /Applications/XAMPP/cakephp/lib/Cake/View/HelperCollection.php(130): class_exists('BookmarkletHelp...')
#6 /Applications/XAMPP/cakephp/lib/Cake/View/View.php(869): HelperCollection->load('Bookmarklet.Boo...', Array)
#7 /Applications/XAMPP/cakephp/lib/Cake/View/View.php(343): View->loadHelpers()
#8 /Applications/XAMPP/cakephp/lib/Cake/Controller/Controller.php(1240): View->__construct(Object(UsersController))
#9 /Applications/XAMPP/cakephp/lib/Cake/Controller/Controller.php(938): Controller->_getViewObject()
#10 /Applications/XAMPP/cakephp/lib/Cake/Routing/Dispatcher.php(194): Controller->render()
#11 /Applications/XAMPP/cakephp/lib/Cake/Routing/Dispatcher.php(162): Dispatcher->_invoke(Object(UsersController), Object(CakeRequest), Object(CakeResponse))
#12 /Applications/XAMPP/xamppfiles/htdocs/doooie/webroot/index.php(101): Dispatcher->dispatch(Object(CakeRequest), Object(CakeResponse))
#13 {main}
2013-10-21 16:45:02 Error: [MissingActionException] Action UsersController::group() could not be found.
Exception Attributes: array (
  'controller' => 'UsersController',
  'action' => 'group',
)
Request URL: /doooie/users/group
Stack Trace:
#0 /Applications/XAMPP/cakephp/lib/Cake/Routing/Dispatcher.php(187): Controller->invokeAction(Object(CakeRequest))
#1 /Applications/XAMPP/cakephp/lib/Cake/Routing/Dispatcher.php(162): Dispatcher->_invoke(Object(UsersController), Object(CakeRequest), Object(CakeResponse))
#2 /Applications/XAMPP/xamppfiles/htdocs/doooie/webroot/index.php(101): Dispatcher->dispatch(Object(CakeRequest), Object(CakeResponse))
#3 {main}
2013-10-21 16:45:08 Error: [MissingControllerException] Controller class GroupController could not be found.
Exception Attributes: array (
  'class' => 'GroupController',
  'plugin' => NULL,
)
Request URL: /doooie/group/add
Stack Trace:
#0 /Applications/XAMPP/xamppfiles/htdocs/doooie/webroot/index.php(101): Dispatcher->dispatch(Object(CakeRequest), Object(CakeResponse))
#1 {main}
2013-10-21 17:09:41 Error: [CakeException] AclNode::node() - Couldn't find Aro node identified by "Array
(
    [Aro0.model] => Group
    [Aro0.foreign_key] => 3
)
"
Request URL: /doooie/users/initdb
Stack Trace:
#0 /Applications/XAMPP/cakephp/lib/Cake/Model/Permission.php(223): AclNode->node(Object(Group))
#1 /Applications/XAMPP/cakephp/lib/Cake/Model/Permission.php(175): Permission->getAclLink(Object(Group), 'controllers')
#2 /Applications/XAMPP/cakephp/lib/Cake/Controller/Component/Acl/DbAcl.php(88): Permission->allow(Object(Group), 'controllers', '*', -1)
#3 /Applications/XAMPP/cakephp/lib/Cake/Controller/Component/Acl/DbAcl.php(101): DbAcl->allow(Object(Group), 'controllers', '*', -1)
#4 /Applications/XAMPP/cakephp/lib/Cake/Controller/Component/AclComponent.php(136): DbAcl->deny(Object(Group), 'controllers', '*')
#5 /Applications/XAMPP/xamppfiles/htdocs/doooie/Controller/UsersController.php(38): AclComponent->deny(Object(Group), 'controllers')
#6 [internal function]: UsersController->initDB()
#7 /Applications/XAMPP/cakephp/lib/Cake/Controller/Controller.php(490): ReflectionMethod->invokeArgs(Object(UsersController), Array)
#8 /Applications/XAMPP/cakephp/lib/Cake/Routing/Dispatcher.php(187): Controller->invokeAction(Object(CakeRequest))
#9 /Applications/XAMPP/cakephp/lib/Cake/Routing/Dispatcher.php(162): Dispatcher->_invoke(Object(UsersController), Object(CakeRequest), Object(CakeResponse))
#10 /Applications/XAMPP/xamppfiles/htdocs/doooie/webroot/index.php(101): Dispatcher->dispatch(Object(CakeRequest), Object(CakeResponse))
#11 {main}
2013-10-21 17:22:07 Error: [MissingControllerException] Controller class LogoutController could not be found.
Exception Attributes: array (
  'class' => 'LogoutController',
  'plugin' => NULL,
)
Request URL: /doooie/logout
Stack Trace:
#0 /Applications/XAMPP/xamppfiles/htdocs/doooie/webroot/index.php(101): Dispatcher->dispatch(Object(CakeRequest), Object(CakeResponse))
#1 {main}
2013-10-21 17:25:27 Error: [MissingControllerException] Controller class LogoutController could not be found.
Exception Attributes: array (
  'class' => 'LogoutController',
  'plugin' => NULL,
)
Request URL: /doooie/logout
Stack Trace:
#0 /Applications/XAMPP/xamppfiles/htdocs/doooie/webroot/index.php(101): Dispatcher->dispatch(Object(CakeRequest), Object(CakeResponse))
#1 {main}
2013-10-21 19:52:12 Error: [MissingControllerException] Controller class PostsController could not be found.
Exception Attributes: array (
  'class' => 'PostsController',
  'plugin' => NULL,
)
Request URL: /doooie/posts/add
Stack Trace:
#0 /Applications/XAMPP/xamppfiles/htdocs/doooie/webroot/index.php(101): Dispatcher->dispatch(Object(CakeRequest), Object(CakeResponse))
#1 {main}
2013-10-21 19:52:29 Error: [NotFoundException] Invalid site
Request URL: /doooie/sites/edit
Stack Trace:
#0 [internal function]: SitesController->edit()
#1 /Applications/XAMPP/cakephp/lib/Cake/Controller/Controller.php(490): ReflectionMethod->invokeArgs(Object(SitesController), Array)
#2 /Applications/XAMPP/cakephp/lib/Cake/Routing/Dispatcher.php(187): Controller->invokeAction(Object(CakeRequest))
#3 /Applications/XAMPP/cakephp/lib/Cake/Routing/Dispatcher.php(162): Dispatcher->_invoke(Object(SitesController), Object(CakeRequest), Object(CakeResponse))
#4 /Applications/XAMPP/xamppfiles/htdocs/doooie/webroot/index.php(101): Dispatcher->dispatch(Object(CakeRequest), Object(CakeResponse))
#5 {main}
2013-10-21 19:52:59 Error: [NotFoundException] Invalid site
Request URL: /doooie/sites/edit
Stack Trace:
#0 [internal function]: SitesController->edit()
#1 /Applications/XAMPP/cakephp/lib/Cake/Controller/Controller.php(490): ReflectionMethod->invokeArgs(Object(SitesController), Array)
#2 /Applications/XAMPP/cakephp/lib/Cake/Routing/Dispatcher.php(187): Controller->invokeAction(Object(CakeRequest))
#3 /Applications/XAMPP/cakephp/lib/Cake/Routing/Dispatcher.php(162): Dispatcher->_invoke(Object(SitesController), Object(CakeRequest), Object(CakeResponse))
#4 /Applications/XAMPP/xamppfiles/htdocs/doooie/webroot/index.php(101): Dispatcher->dispatch(Object(CakeRequest), Object(CakeResponse))
#5 {main}
2013-10-21 19:53:21 Error: [MissingControllerException] Controller class PostsController could not be found.
Exception Attributes: array (
  'class' => 'PostsController',
  'plugin' => NULL,
)
Request URL: /doooie/posts/add
Stack Trace:
#0 /Applications/XAMPP/xamppfiles/htdocs/doooie/webroot/index.php(101): Dispatcher->dispatch(Object(CakeRequest), Object(CakeResponse))
#1 {main}
2013-10-21 19:54:15 Error: [NotFoundException] Invalid widget
Request URL: /doooie/widgets/edit/1
Stack Trace:
#0 [internal function]: WidgetsController->edit('1')
#1 /Applications/XAMPP/cakephp/lib/Cake/Controller/Controller.php(490): ReflectionMethod->invokeArgs(Object(WidgetsController), Array)
#2 /Applications/XAMPP/cakephp/lib/Cake/Routing/Dispatcher.php(187): Controller->invokeAction(Object(CakeRequest))
#3 /Applications/XAMPP/cakephp/lib/Cake/Routing/Dispatcher.php(162): Dispatcher->_invoke(Object(WidgetsController), Object(CakeRequest), Object(CakeResponse))
#4 /Applications/XAMPP/xamppfiles/htdocs/doooie/webroot/index.php(101): Dispatcher->dispatch(Object(CakeRequest), Object(CakeResponse))
#5 {main}
2013-10-21 19:58:18 Error: [MissingControllerException] Controller class PostsController could not be found.
Exception Attributes: array (
  'class' => 'PostsController',
  'plugin' => NULL,
)
Request URL: /doooie/posts/add
Stack Trace:
#0 /Applications/XAMPP/xamppfiles/htdocs/doooie/webroot/index.php(101): Dispatcher->dispatch(Object(CakeRequest), Object(CakeResponse))
#1 {main}
2013-10-21 20:07:25 Error: [MissingControllerException] Controller class WidgetseditController could not be found.
Exception Attributes: array (
  'class' => 'WidgetseditController',
  'plugin' => NULL,
)
Request URL: /doooie/widgetsedit
Stack Trace:
#0 /Applications/XAMPP/xamppfiles/htdocs/doooie/webroot/index.php(101): Dispatcher->dispatch(Object(CakeRequest), Object(CakeResponse))
#1 {main}
2013-10-21 20:07:30 Error: [NotFoundException] Invalid widget
Request URL: /doooie/widgets/edit
Stack Trace:
#0 [internal function]: WidgetsController->edit()
#1 /Applications/XAMPP/cakephp/lib/Cake/Controller/Controller.php(490): ReflectionMethod->invokeArgs(Object(WidgetsController), Array)
#2 /Applications/XAMPP/cakephp/lib/Cake/Routing/Dispatcher.php(187): Controller->invokeAction(Object(CakeRequest))
#3 /Applications/XAMPP/cakephp/lib/Cake/Routing/Dispatcher.php(162): Dispatcher->_invoke(Object(WidgetsController), Object(CakeRequest), Object(CakeResponse))
#4 /Applications/XAMPP/xamppfiles/htdocs/doooie/webroot/index.php(101): Dispatcher->dispatch(Object(CakeRequest), Object(CakeResponse))
#5 {main}
2013-10-22 14:08:13 Error: [MissingControllerException] Controller class PostsController could not be found.
Exception Attributes: array (
  'class' => 'PostsController',
  'plugin' => NULL,
)
Request URL: /doooie/posts/bookmarklet?link=http%3A%2F%2Flocalhost%2Fdoooie%2Fsites%2Ftest&title=CakePHP%3A+the+rapid+development+php+framework%3A+Sites&intro=
Stack Trace:
#0 /Applications/XAMPP/xamppfiles/htdocs/doooie/webroot/index.php(101): Dispatcher->dispatch(Object(CakeRequest), Object(CakeResponse))
#1 {main}
2013-10-22 14:10:00 Error: [MissingControllerException] Controller class PostsController could not be found.
Exception Attributes: array (
  'class' => 'PostsController',
  'plugin' => NULL,
)
Request URL: /doooie/posts/bookmarklet?link=http%3A%2F%2Flocalhost%2Fdoooie%2Fsites%2Ftest&title=CakePHP%3A+the+rapid+development+php+framework%3A+Sites&intro=
Stack Trace:
#0 /Applications/XAMPP/xamppfiles/htdocs/doooie/webroot/index.php(101): Dispatcher->dispatch(Object(CakeRequest), Object(CakeResponse))
#1 {main}
2013-10-22 14:11:17 Error: [MissingControllerException] Controller class PostsController could not be found.
Exception Attributes: array (
  'class' => 'PostsController',
  'plugin' => NULL,
)
Request URL: /doooie/posts/bookmarklet?link=http%3A%2F%2Flocalhost%2Fdoooie%2Fsites%2Ftest&title=CakePHP%3A+the+rapid+development+php+framework%3A+Sites&intro=
Stack Trace:
#0 /Applications/XAMPP/xamppfiles/htdocs/doooie/webroot/index.php(101): Dispatcher->dispatch(Object(CakeRequest), Object(CakeResponse))
#1 {main}
2013-10-22 14:11:50 Error: [MissingControllerException] Controller class PostsController could not be found.
Exception Attributes: array (
  'class' => 'PostsController',
  'plugin' => NULL,
)
Request URL: /doooie/posts/bookmarklet?link=http%3A%2F%2Flocalhost%2Fdoooie%2Fsites%2Ftest&title=CakePHP%3A+the+rapid+development+php+framework%3A+Sites&intro=
Stack Trace:
#0 /Applications/XAMPP/xamppfiles/htdocs/doooie/webroot/index.php(101): Dispatcher->dispatch(Object(CakeRequest), Object(CakeResponse))
#1 {main}
2013-10-22 14:13:54 Error: [MissingActionException] Action SitesController::bookmarklet() could not be found.
Exception Attributes: array (
  'controller' => 'SitesController',
  'action' => 'bookmarklet',
)
Request URL: /doooie/sites/bookmarklet?link=http%3A%2F%2Flocalhost%2Fdoooie%2Fsites%2Ftest&title=CakePHP%3A+the+rapid+development+php+framework%3A+Sites&intro=
Stack Trace:
#0 /Applications/XAMPP/cakephp/lib/Cake/Routing/Dispatcher.php(187): Controller->invokeAction(Object(CakeRequest))
#1 /Applications/XAMPP/cakephp/lib/Cake/Routing/Dispatcher.php(162): Dispatcher->_invoke(Object(SitesController), Object(CakeRequest), Object(CakeResponse))
#2 /Applications/XAMPP/xamppfiles/htdocs/doooie/webroot/index.php(101): Dispatcher->dispatch(Object(CakeRequest), Object(CakeResponse))
#3 {main}
2013-10-22 14:14:41 Error: [MissingActionException] Action SitesController::bookmarklet() could not be found.
Exception Attributes: array (
  'controller' => 'SitesController',
  'action' => 'bookmarklet',
)
Request URL: /doooie/sites/bookmarklet?link=http%3A%2F%2Flocalhost%2Fdoooie%2Fsites%2Ftest%3Flink%3Dhttp%253A%252F%252Flocalhost%252Fdoooie%252Fsites%252Ftest%26title%3DCakePHP%253A%2520the%2520rapid%2520development%2520php%2520framework%253A%2520Sites%26intro%3D&title=CakePHP%3A+the+rapid+development+php+framework%3A+Sites&intro=
Stack Trace:
#0 /Applications/XAMPP/cakephp/lib/Cake/Routing/Dispatcher.php(187): Controller->invokeAction(Object(CakeRequest))
#1 /Applications/XAMPP/cakephp/lib/Cake/Routing/Dispatcher.php(162): Dispatcher->_invoke(Object(SitesController), Object(CakeRequest), Object(CakeResponse))
#2 /Applications/XAMPP/xamppfiles/htdocs/doooie/webroot/index.php(101): Dispatcher->dispatch(Object(CakeRequest), Object(CakeResponse))
#3 {main}
2013-10-22 20:09:16 Error: Fatal Error (4): syntax error, unexpected ';' in [/Applications/XAMPP/xamppfiles/htdocs/doooie/Controller/SitesController.php, line 30]
2013-10-22 20:09:16 Error: [FatalErrorException] syntax error, unexpected ';'
Request URL: /doooie/sites/test?title=1
Stack Trace:
#0 /Applications/XAMPP/cakephp/lib/Cake/Error/ErrorHandler.php(205): ErrorHandler::handleFatalError(4, 'syntax error, u...', '/Applications/X...', 30)
#1 [internal function]: ErrorHandler::handleError(4, 'syntax error, u...', '/Applications/X...', 30, Array)
#2 /Applications/XAMPP/cakephp/lib/Cake/Core/App.php(931): call_user_func('ErrorHandler::h...', 4, 'syntax error, u...', '/Applications/X...', 30, Array)
#3 /Applications/XAMPP/cakephp/lib/Cake/Core/App.php(904): App::_checkFatalError()
#4 [internal function]: App::shutdown()
#5 {main}
2013-10-22 21:08:31 Error: Fatal Error (4): syntax error, unexpected ';' in [/Applications/XAMPP/xamppfiles/htdocs/doooie/Controller/SitesController.php, line 30]
2013-10-22 21:08:31 Error: [FatalErrorException] syntax error, unexpected ';'
Request URL: /doooie/sites/jstest.php
Stack Trace:
#0 /Applications/XAMPP/cakephp/lib/Cake/Error/ErrorHandler.php(205): ErrorHandler::handleFatalError(4, 'syntax error, u...', '/Applications/X...', 30)
#1 [internal function]: ErrorHandler::handleError(4, 'syntax error, u...', '/Applications/X...', 30, Array)
#2 /Applications/XAMPP/cakephp/lib/Cake/Core/App.php(931): call_user_func('ErrorHandler::h...', 4, 'syntax error, u...', '/Applications/X...', 30, Array)
#3 /Applications/XAMPP/cakephp/lib/Cake/Core/App.php(904): App::_checkFatalError()
#4 [internal function]: App::shutdown()
#5 {main}
2013-10-22 21:08:36 Error: Fatal Error (4): syntax error, unexpected ';' in [/Applications/XAMPP/xamppfiles/htdocs/doooie/Controller/SitesController.php, line 30]
2013-10-22 21:08:36 Error: [FatalErrorException] syntax error, unexpected ';'
Request URL: /doooie/sites/jstest.php
Stack Trace:
#0 /Applications/XAMPP/cakephp/lib/Cake/Error/ErrorHandler.php(205): ErrorHandler::handleFatalError(4, 'syntax error, u...', '/Applications/X...', 30)
#1 [internal function]: ErrorHandler::handleError(4, 'syntax error, u...', '/Applications/X...', 30, Array)
#2 /Applications/XAMPP/cakephp/lib/Cake/Core/App.php(931): call_user_func('ErrorHandler::h...', 4, 'syntax error, u...', '/Applications/X...', 30, Array)
#3 /Applications/XAMPP/cakephp/lib/Cake/Core/App.php(904): App::_checkFatalError()
#4 [internal function]: App::shutdown()
#5 {main}
2013-10-22 21:08:38 Error: Fatal Error (4): syntax error, unexpected ';' in [/Applications/XAMPP/xamppfiles/htdocs/doooie/Controller/SitesController.php, line 30]
2013-10-22 21:08:38 Error: [FatalErrorException] syntax error, unexpected ';'
Request URL: /doooie/sites/jstest.php
Stack Trace:
#0 /Applications/XAMPP/cakephp/lib/Cake/Error/ErrorHandler.php(205): ErrorHandler::handleFatalError(4, 'syntax error, u...', '/Applications/X...', 30)
#1 [internal function]: ErrorHandler::handleError(4, 'syntax error, u...', '/Applications/X...', 30, Array)
#2 /Applications/XAMPP/cakephp/lib/Cake/Core/App.php(931): call_user_func('ErrorHandler::h...', 4, 'syntax error, u...', '/Applications/X...', 30, Array)
#3 /Applications/XAMPP/cakephp/lib/Cake/Core/App.php(904): App::_checkFatalError()
#4 [internal function]: App::shutdown()
#5 {main}
2013-10-22 21:08:39 Error: Fatal Error (4): syntax error, unexpected ';' in [/Applications/XAMPP/xamppfiles/htdocs/doooie/Controller/SitesController.php, line 30]
2013-10-22 21:08:39 Error: [FatalErrorException] syntax error, unexpected ';'
Request URL: /doooie/sites/jstest.php
Stack Trace:
#0 /Applications/XAMPP/cakephp/lib/Cake/Error/ErrorHandler.php(205): ErrorHandler::handleFatalError(4, 'syntax error, u...', '/Applications/X...', 30)
#1 [internal function]: ErrorHandler::handleError(4, 'syntax error, u...', '/Applications/X...', 30, Array)
#2 /Applications/XAMPP/cakephp/lib/Cake/Core/App.php(931): call_user_func('ErrorHandler::h...', 4, 'syntax error, u...', '/Applications/X...', 30, Array)
#3 /Applications/XAMPP/cakephp/lib/Cake/Core/App.php(904): App::_checkFatalError()
#4 [internal function]: App::shutdown()
#5 {main}
2013-10-22 21:09:11 Error: Fatal Error (4): syntax error, unexpected ';' in [/Applications/XAMPP/xamppfiles/htdocs/doooie/Controller/SitesController.php, line 30]
2013-10-22 21:09:11 Error: [FatalErrorException] syntax error, unexpected ';'
Request URL: /doooie/sites/jstest.ctp
Stack Trace:
#0 /Applications/XAMPP/cakephp/lib/Cake/Error/ErrorHandler.php(205): ErrorHandler::handleFatalError(4, 'syntax error, u...', '/Applications/X...', 30)
#1 [internal function]: ErrorHandler::handleError(4, 'syntax error, u...', '/Applications/X...', 30, Array)
#2 /Applications/XAMPP/cakephp/lib/Cake/Core/App.php(931): call_user_func('ErrorHandler::h...', 4, 'syntax error, u...', '/Applications/X...', 30, Array)
#3 /Applications/XAMPP/cakephp/lib/Cake/Core/App.php(904): App::_checkFatalError()
#4 [internal function]: App::shutdown()
#5 {main}
2013-10-22 21:09:12 Error: Fatal Error (4): syntax error, unexpected ';' in [/Applications/XAMPP/xamppfiles/htdocs/doooie/Controller/SitesController.php, line 30]
2013-10-22 21:09:12 Error: [FatalErrorException] syntax error, unexpected ';'
Request URL: /doooie/sites/jstest.ctp
Stack Trace:
#0 /Applications/XAMPP/cakephp/lib/Cake/Error/ErrorHandler.php(205): ErrorHandler::handleFatalError(4, 'syntax error, u...', '/Applications/X...', 30)
#1 [internal function]: ErrorHandler::handleError(4, 'syntax error, u...', '/Applications/X...', 30, Array)
#2 /Applications/XAMPP/cakephp/lib/Cake/Core/App.php(931): call_user_func('ErrorHandler::h...', 4, 'syntax error, u...', '/Applications/X...', 30, Array)
#3 /Applications/XAMPP/cakephp/lib/Cake/Core/App.php(904): App::_checkFatalError()
#4 [internal function]: App::shutdown()
#5 {main}
2013-10-22 21:09:13 Error: Fatal Error (4): syntax error, unexpected ';' in [/Applications/XAMPP/xamppfiles/htdocs/doooie/Controller/SitesController.php, line 30]
2013-10-22 21:09:13 Error: [FatalErrorException] syntax error, unexpected ';'
Request URL: /doooie/sites/jstest.ctp
Stack Trace:
#0 /Applications/XAMPP/cakephp/lib/Cake/Error/ErrorHandler.php(205): ErrorHandler::handleFatalError(4, 'syntax error, u...', '/Applications/X...', 30)
#1 [internal function]: ErrorHandler::handleError(4, 'syntax error, u...', '/Applications/X...', 30, Array)
#2 /Applications/XAMPP/cakephp/lib/Cake/Core/App.php(931): call_user_func('ErrorHandler::h...', 4, 'syntax error, u...', '/Applications/X...', 30, Array)
#3 /Applications/XAMPP/cakephp/lib/Cake/Core/App.php(904): App::_checkFatalError()
#4 [internal function]: App::shutdown()
#5 {main}
2013-10-22 21:09:14 Error: Fatal Error (4): syntax error, unexpected ';' in [/Applications/XAMPP/xamppfiles/htdocs/doooie/Controller/SitesController.php, line 30]
2013-10-22 21:09:14 Error: [FatalErrorException] syntax error, unexpected ';'
Request URL: /doooie/sites/jstest.ctp
Stack Trace:
#0 /Applications/XAMPP/cakephp/lib/Cake/Error/ErrorHandler.php(205): ErrorHandler::handleFatalError(4, 'syntax error, u...', '/Applications/X...', 30)
#1 [internal function]: ErrorHandler::handleError(4, 'syntax error, u...', '/Applications/X...', 30, Array)
#2 /Applications/XAMPP/cakephp/lib/Cake/Core/App.php(931): call_user_func('ErrorHandler::h...', 4, 'syntax error, u...', '/Applications/X...', 30, Array)
#3 /Applications/XAMPP/cakephp/lib/Cake/Core/App.php(904): App::_checkFatalError()
#4 [internal function]: App::shutdown()
#5 {main}
2013-10-22 21:09:15 Error: Fatal Error (4): syntax error, unexpected ';' in [/Applications/XAMPP/xamppfiles/htdocs/doooie/Controller/SitesController.php, line 30]
2013-10-22 21:09:15 Error: [FatalErrorException] syntax error, unexpected ';'
Request URL: /doooie/sites/jstest.ctp
Stack Trace:
#0 /Applications/XAMPP/cakephp/lib/Cake/Error/ErrorHandler.php(205): ErrorHandler::handleFatalError(4, 'syntax error, u...', '/Applications/X...', 30)
#1 [internal function]: ErrorHandler::handleError(4, 'syntax error, u...', '/Applications/X...', 30, Array)
#2 /Applications/XAMPP/cakephp/lib/Cake/Core/App.php(931): call_user_func('ErrorHandler::h...', 4, 'syntax error, u...', '/Applications/X...', 30, Array)
#3 /Applications/XAMPP/cakephp/lib/Cake/Core/App.php(904): App::_checkFatalError()
#4 [internal function]: App::shutdown()
#5 {main}
2013-10-22 21:09:15 Error: Fatal Error (4): syntax error, unexpected ';' in [/Applications/XAMPP/xamppfiles/htdocs/doooie/Controller/SitesController.php, line 30]
2013-10-22 21:09:15 Error: [FatalErrorException] syntax error, unexpected ';'
Request URL: /doooie/sites/jstest.ctp
Stack Trace:
#0 /Applications/XAMPP/cakephp/lib/Cake/Error/ErrorHandler.php(205): ErrorHandler::handleFatalError(4, 'syntax error, u...', '/Applications/X...', 30)
#1 [internal function]: ErrorHandler::handleError(4, 'syntax error, u...', '/Applications/X...', 30, Array)
#2 /Applications/XAMPP/cakephp/lib/Cake/Core/App.php(931): call_user_func('ErrorHandler::h...', 4, 'syntax error, u...', '/Applications/X...', 30, Array)
#3 /Applications/XAMPP/cakephp/lib/Cake/Core/App.php(904): App::_checkFatalError()
#4 [internal function]: App::shutdown()
#5 {main}
2013-10-22 21:09:16 Error: Fatal Error (4): syntax error, unexpected ';' in [/Applications/XAMPP/xamppfiles/htdocs/doooie/Controller/SitesController.php, line 30]
2013-10-22 21:09:16 Error: [FatalErrorException] syntax error, unexpected ';'
Request URL: /doooie/sites/jstest.ctp
Stack Trace:
#0 /Applications/XAMPP/cakephp/lib/Cake/Error/ErrorHandler.php(205): ErrorHandler::handleFatalError(4, 'syntax error, u...', '/Applications/X...', 30)
#1 [internal function]: ErrorHandler::handleError(4, 'syntax error, u...', '/Applications/X...', 30, Array)
#2 /Applications/XAMPP/cakephp/lib/Cake/Core/App.php(931): call_user_func('ErrorHandler::h...', 4, 'syntax error, u...', '/Applications/X...', 30, Array)
#3 /Applications/XAMPP/cakephp/lib/Cake/Core/App.php(904): App::_checkFatalError()
#4 [internal function]: App::shutdown()
#5 {main}
2013-10-22 21:09:16 Error: Fatal Error (4): syntax error, unexpected ';' in [/Applications/XAMPP/xamppfiles/htdocs/doooie/Controller/SitesController.php, line 30]
2013-10-22 21:09:16 Error: [FatalErrorException] syntax error, unexpected ';'
Request URL: /doooie/sites/jstest.ctp
Stack Trace:
#0 /Applications/XAMPP/cakephp/lib/Cake/Error/ErrorHandler.php(205): ErrorHandler::handleFatalError(4, 'syntax error, u...', '/Applications/X...', 30)
#1 [internal function]: ErrorHandler::handleError(4, 'syntax error, u...', '/Applications/X...', 30, Array)
#2 /Applications/XAMPP/cakephp/lib/Cake/Core/App.php(931): call_user_func('ErrorHandler::h...', 4, 'syntax error, u...', '/Applications/X...', 30, Array)
#3 /Applications/XAMPP/cakephp/lib/Cake/Core/App.php(904): App::_checkFatalError()
#4 [internal function]: App::shutdown()
#5 {main}
2013-10-22 21:09:17 Error: Fatal Error (4): syntax error, unexpected ';' in [/Applications/XAMPP/xamppfiles/htdocs/doooie/Controller/SitesController.php, line 30]
2013-10-22 21:09:17 Error: [FatalErrorException] syntax error, unexpected ';'
Request URL: /doooie/sites/jstest.ctp
Stack Trace:
#0 /Applications/XAMPP/cakephp/lib/Cake/Error/ErrorHandler.php(205): ErrorHandler::handleFatalError(4, 'syntax error, u...', '/Applications/X...', 30)
#1 [internal function]: ErrorHandler::handleError(4, 'syntax error, u...', '/Applications/X...', 30, Array)
#2 /Applications/XAMPP/cakephp/lib/Cake/Core/App.php(931): call_user_func('ErrorHandler::h...', 4, 'syntax error, u...', '/Applications/X...', 30, Array)
#3 /Applications/XAMPP/cakephp/lib/Cake/Core/App.php(904): App::_checkFatalError()
#4 [internal function]: App::shutdown()
#5 {main}
2013-10-22 21:09:18 Error: Fatal Error (4): syntax error, unexpected ';' in [/Applications/XAMPP/xamppfiles/htdocs/doooie/Controller/SitesController.php, line 30]
2013-10-22 21:09:18 Error: [FatalErrorException] syntax error, unexpected ';'
Request URL: /doooie/sites/jstest.ctp
Stack Trace:
#0 /Applications/XAMPP/cakephp/lib/Cake/Error/ErrorHandler.php(205): ErrorHandler::handleFatalError(4, 'syntax error, u...', '/Applications/X...', 30)
#1 [internal function]: ErrorHandler::handleError(4, 'syntax error, u...', '/Applications/X...', 30, Array)
#2 /Applications/XAMPP/cakephp/lib/Cake/Core/App.php(931): call_user_func('ErrorHandler::h...', 4, 'syntax error, u...', '/Applications/X...', 30, Array)
#3 /Applications/XAMPP/cakephp/lib/Cake/Core/App.php(904): App::_checkFatalError()
#4 [internal function]: App::shutdown()
#5 {main}
2013-10-22 21:09:19 Error: Fatal Error (4): syntax error, unexpected ';' in [/Applications/XAMPP/xamppfiles/htdocs/doooie/Controller/SitesController.php, line 30]
2013-10-22 21:09:19 Error: [FatalErrorException] syntax error, unexpected ';'
Request URL: /doooie/sites/jstest.ctp
Stack Trace:
#0 /Applications/XAMPP/cakephp/lib/Cake/Error/ErrorHandler.php(205): ErrorHandler::handleFatalError(4, 'syntax error, u...', '/Applications/X...', 30)
#1 [internal function]: ErrorHandler::handleError(4, 'syntax error, u...', '/Applications/X...', 30, Array)
#2 /Applications/XAMPP/cakephp/lib/Cake/Core/App.php(931): call_user_func('ErrorHandler::h...', 4, 'syntax error, u...', '/Applications/X...', 30, Array)
#3 /Applications/XAMPP/cakephp/lib/Cake/Core/App.php(904): App::_checkFatalError()
#4 [internal function]: App::shutdown()
#5 {main}
2013-10-22 21:09:20 Error: Fatal Error (4): syntax error, unexpected ';' in [/Applications/XAMPP/xamppfiles/htdocs/doooie/Controller/SitesController.php, line 30]
2013-10-22 21:09:20 Error: [FatalErrorException] syntax error, unexpected ';'
Request URL: /doooie/sites/jstest.ctp
Stack Trace:
#0 /Applications/XAMPP/cakephp/lib/Cake/Error/ErrorHandler.php(205): ErrorHandler::handleFatalError(4, 'syntax error, u...', '/Applications/X...', 30)
#1 [internal function]: ErrorHandler::handleError(4, 'syntax error, u...', '/Applications/X...', 30, Array)
#2 /Applications/XAMPP/cakephp/lib/Cake/Core/App.php(931): call_user_func('ErrorHandler::h...', 4, 'syntax error, u...', '/Applications/X...', 30, Array)
#3 /Applications/XAMPP/cakephp/lib/Cake/Core/App.php(904): App::_checkFatalError()
#4 [internal function]: App::shutdown()
#5 {main}
2013-10-22 21:09:20 Error: Fatal Error (4): syntax error, unexpected ';' in [/Applications/XAMPP/xamppfiles/htdocs/doooie/Controller/SitesController.php, line 30]
2013-10-22 21:09:20 Error: [FatalErrorException] syntax error, unexpected ';'
Request URL: /doooie/sites/jstest.ctp
Stack Trace:
#0 /Applications/XAMPP/cakephp/lib/Cake/Error/ErrorHandler.php(205): ErrorHandler::handleFatalError(4, 'syntax error, u...', '/Applications/X...', 30)
#1 [internal function]: ErrorHandler::handleError(4, 'syntax error, u...', '/Applications/X...', 30, Array)
#2 /Applications/XAMPP/cakephp/lib/Cake/Core/App.php(931): call_user_func('ErrorHandler::h...', 4, 'syntax error, u...', '/Applications/X...', 30, Array)
#3 /Applications/XAMPP/cakephp/lib/Cake/Core/App.php(904): App::_checkFatalError()
#4 [internal function]: App::shutdown()
#5 {main}
2013-10-22 21:09:21 Error: Fatal Error (4): syntax error, unexpected ';' in [/Applications/XAMPP/xamppfiles/htdocs/doooie/Controller/SitesController.php, line 30]
2013-10-22 21:09:21 Error: [FatalErrorException] syntax error, unexpected ';'
Request URL: /doooie/sites/jstest.ctp
Stack Trace:
#0 /Applications/XAMPP/cakephp/lib/Cake/Error/ErrorHandler.php(205): ErrorHandler::handleFatalError(4, 'syntax error, u...', '/Applications/X...', 30)
#1 [internal function]: ErrorHandler::handleError(4, 'syntax error, u...', '/Applications/X...', 30, Array)
#2 /Applications/XAMPP/cakephp/lib/Cake/Core/App.php(931): call_user_func('ErrorHandler::h...', 4, 'syntax error, u...', '/Applications/X...', 30, Array)
#3 /Applications/XAMPP/cakephp/lib/Cake/Core/App.php(904): App::_checkFatalError()
#4 [internal function]: App::shutdown()
#5 {main}
2013-10-22 21:09:22 Error: Fatal Error (4): syntax error, unexpected ';' in [/Applications/XAMPP/xamppfiles/htdocs/doooie/Controller/SitesController.php, line 30]
2013-10-22 21:09:22 Error: [FatalErrorException] syntax error, unexpected ';'
Request URL: /doooie/sites/jstest.ctp
Stack Trace:
#0 /Applications/XAMPP/cakephp/lib/Cake/Error/ErrorHandler.php(205): ErrorHandler::handleFatalError(4, 'syntax error, u...', '/Applications/X...', 30)
#1 [internal function]: ErrorHandler::handleError(4, 'syntax error, u...', '/Applications/X...', 30, Array)
#2 /Applications/XAMPP/cakephp/lib/Cake/Core/App.php(931): call_user_func('ErrorHandler::h...', 4, 'syntax error, u...', '/Applications/X...', 30, Array)
#3 /Applications/XAMPP/cakephp/lib/Cake/Core/App.php(904): App::_checkFatalError()
#4 [internal function]: App::shutdown()
#5 {main}
2013-10-22 21:09:22 Error: Fatal Error (4): syntax error, unexpected ';' in [/Applications/XAMPP/xamppfiles/htdocs/doooie/Controller/SitesController.php, line 30]
2013-10-22 21:09:22 Error: [FatalErrorException] syntax error, unexpected ';'
Request URL: /doooie/sites/jstest.ctp
Stack Trace:
#0 /Applications/XAMPP/cakephp/lib/Cake/Error/ErrorHandler.php(205): ErrorHandler::handleFatalError(4, 'syntax error, u...', '/Applications/X...', 30)
#1 [internal function]: ErrorHandler::handleError(4, 'syntax error, u...', '/Applications/X...', 30, Array)
#2 /Applications/XAMPP/cakephp/lib/Cake/Core/App.php(931): call_user_func('ErrorHandler::h...', 4, 'syntax error, u...', '/Applications/X...', 30, Array)
#3 /Applications/XAMPP/cakephp/lib/Cake/Core/App.php(904): App::_checkFatalError()
#4 [internal function]: App::shutdown()
#5 {main}
2013-10-22 21:09:23 Error: Fatal Error (4): syntax error, unexpected ';' in [/Applications/XAMPP/xamppfiles/htdocs/doooie/Controller/SitesController.php, line 30]
2013-10-22 21:09:23 Error: [FatalErrorException] syntax error, unexpected ';'
Request URL: /doooie/sites/jstest.ctp
Stack Trace:
#0 /Applications/XAMPP/cakephp/lib/Cake/Error/ErrorHandler.php(205): ErrorHandler::handleFatalError(4, 'syntax error, u...', '/Applications/X...', 30)
#1 [internal function]: ErrorHandler::handleError(4, 'syntax error, u...', '/Applications/X...', 30, Array)
#2 /Applications/XAMPP/cakephp/lib/Cake/Core/App.php(931): call_user_func('ErrorHandler::h...', 4, 'syntax error, u...', '/Applications/X...', 30, Array)
#3 /Applications/XAMPP/cakephp/lib/Cake/Core/App.php(904): App::_checkFatalError()
#4 [internal function]: App::shutdown()
#5 {main}
2013-10-22 21:09:24 Error: Fatal Error (4): syntax error, unexpected ';' in [/Applications/XAMPP/xamppfiles/htdocs/doooie/Controller/SitesController.php, line 30]
2013-10-22 21:09:24 Error: [FatalErrorException] syntax error, unexpected ';'
Request URL: /doooie/sites/jstest.ctp
Stack Trace:
#0 /Applications/XAMPP/cakephp/lib/Cake/Error/ErrorHandler.php(205): ErrorHandler::handleFatalError(4, 'syntax error, u...', '/Applications/X...', 30)
#1 [internal function]: ErrorHandler::handleError(4, 'syntax error, u...', '/Applications/X...', 30, Array)
#2 /Applications/XAMPP/cakephp/lib/Cake/Core/App.php(931): call_user_func('ErrorHandler::h...', 4, 'syntax error, u...', '/Applications/X...', 30, Array)
#3 /Applications/XAMPP/cakephp/lib/Cake/Core/App.php(904): App::_checkFatalError()
#4 [internal function]: App::shutdown()
#5 {main}
2013-10-22 21:09:24 Error: Fatal Error (4): syntax error, unexpected ';' in [/Applications/XAMPP/xamppfiles/htdocs/doooie/Controller/SitesController.php, line 30]
2013-10-22 21:09:24 Error: [FatalErrorException] syntax error, unexpected ';'
Request URL: /doooie/sites/jstest.ctp
Stack Trace:
#0 /Applications/XAMPP/cakephp/lib/Cake/Error/ErrorHandler.php(205): ErrorHandler::handleFatalError(4, 'syntax error, u...', '/Applications/X...', 30)
#1 [internal function]: ErrorHandler::handleError(4, 'syntax error, u...', '/Applications/X...', 30, Array)
#2 /Applications/XAMPP/cakephp/lib/Cake/Core/App.php(931): call_user_func('ErrorHandler::h...', 4, 'syntax error, u...', '/Applications/X...', 30, Array)
#3 /Applications/XAMPP/cakephp/lib/Cake/Core/App.php(904): App::_checkFatalError()
#4 [internal function]: App::shutdown()
#5 {main}
2013-10-22 21:09:25 Error: Fatal Error (4): syntax error, unexpected ';' in [/Applications/XAMPP/xamppfiles/htdocs/doooie/Controller/SitesController.php, line 30]
2013-10-22 21:09:25 Error: [FatalErrorException] syntax error, unexpected ';'
Request URL: /doooie/sites/jstest.ctp
Stack Trace:
#0 /Applications/XAMPP/cakephp/lib/Cake/Error/ErrorHandler.php(205): ErrorHandler::handleFatalError(4, 'syntax error, u...', '/Applications/X...', 30)
#1 [internal function]: ErrorHandler::handleError(4, 'syntax error, u...', '/Applications/X...', 30, Array)
#2 /Applications/XAMPP/cakephp/lib/Cake/Core/App.php(931): call_user_func('ErrorHandler::h...', 4, 'syntax error, u...', '/Applications/X...', 30, Array)
#3 /Applications/XAMPP/cakephp/lib/Cake/Core/App.php(904): App::_checkFatalError()
#4 [internal function]: App::shutdown()
#5 {main}
2013-10-22 21:09:26 Error: Fatal Error (4): syntax error, unexpected ';' in [/Applications/XAMPP/xamppfiles/htdocs/doooie/Controller/SitesController.php, line 30]
2013-10-22 21:09:26 Error: [FatalErrorException] syntax error, unexpected ';'
Request URL: /doooie/sites/jstest.ctp
Stack Trace:
#0 /Applications/XAMPP/cakephp/lib/Cake/Error/ErrorHandler.php(205): ErrorHandler::handleFatalError(4, 'syntax error, u...', '/Applications/X...', 30)
#1 [internal function]: ErrorHandler::handleError(4, 'syntax error, u...', '/Applications/X...', 30, Array)
#2 /Applications/XAMPP/cakephp/lib/Cake/Core/App.php(931): call_user_func('ErrorHandler::h...', 4, 'syntax error, u...', '/Applications/X...', 30, Array)
#3 /Applications/XAMPP/cakephp/lib/Cake/Core/App.php(904): App::_checkFatalError()
#4 [internal function]: App::shutdown()
#5 {main}
2013-10-22 21:09:26 Error: Fatal Error (4): syntax error, unexpected ';' in [/Applications/XAMPP/xamppfiles/htdocs/doooie/Controller/SitesController.php, line 30]
2013-10-22 21:09:26 Error: [FatalErrorException] syntax error, unexpected ';'
Request URL: /doooie/sites/jstest.ctp
Stack Trace:
#0 /Applications/XAMPP/cakephp/lib/Cake/Error/ErrorHandler.php(205): ErrorHandler::handleFatalError(4, 'syntax error, u...', '/Applications/X...', 30)
#1 [internal function]: ErrorHandler::handleError(4, 'syntax error, u...', '/Applications/X...', 30, Array)
#2 /Applications/XAMPP/cakephp/lib/Cake/Core/App.php(931): call_user_func('ErrorHandler::h...', 4, 'syntax error, u...', '/Applications/X...', 30, Array)
#3 /Applications/XAMPP/cakephp/lib/Cake/Core/App.php(904): App::_checkFatalError()
#4 [internal function]: App::shutdown()
#5 {main}
2013-10-22 21:13:35 Error: Fatal Error (1): Call to undefined method SitesController::Layout() in [/Applications/XAMPP/xamppfiles/htdocs/doooie/Controller/SitesController.php, line 30]
2013-10-22 21:13:35 Error: [FatalErrorException] Call to undefined method SitesController::Layout()
Request URL: /doooie/sites/test
Stack Trace:
#0 /Applications/XAMPP/cakephp/lib/Cake/Error/ErrorHandler.php(205): ErrorHandler::handleFatalError(1, 'Call to undefin...', '/Applications/X...', 30)
#1 [internal function]: ErrorHandler::handleError(1, 'Call to undefin...', '/Applications/X...', 30, Array)
#2 /Applications/XAMPP/cakephp/lib/Cake/Core/App.php(931): call_user_func('ErrorHandler::h...', 1, 'Call to undefin...', '/Applications/X...', 30, Array)
#3 /Applications/XAMPP/cakephp/lib/Cake/Core/App.php(904): App::_checkFatalError()
#4 [internal function]: App::shutdown()
#5 {main}
2013-10-22 21:15:09 Error: [MissingActionException] Action SitesController::jstest.ctp() could not be found.
Exception Attributes: array (
  'controller' => 'SitesController',
  'action' => 'jstest.ctp',
)
Request URL: /doooie/sites/jstest.ctp
Stack Trace:
#0 /Applications/XAMPP/cakephp/lib/Cake/Routing/Dispatcher.php(187): Controller->invokeAction(Object(CakeRequest))
#1 /Applications/XAMPP/cakephp/lib/Cake/Routing/Dispatcher.php(162): Dispatcher->_invoke(Object(SitesController), Object(CakeRequest), Object(CakeResponse))
#2 /Applications/XAMPP/xamppfiles/htdocs/doooie/webroot/index.php(101): Dispatcher->dispatch(Object(CakeRequest), Object(CakeResponse))
#3 {main}
2013-10-22 21:15:11 Error: [MissingActionException] Action SitesController::jstest.ctp() could not be found.
Exception Attributes: array (
  'controller' => 'SitesController',
  'action' => 'jstest.ctp',
)
Request URL: /doooie/sites/jstest.ctp
Stack Trace:
#0 /Applications/XAMPP/cakephp/lib/Cake/Routing/Dispatcher.php(187): Controller->invokeAction(Object(CakeRequest))
#1 /Applications/XAMPP/cakephp/lib/Cake/Routing/Dispatcher.php(162): Dispatcher->_invoke(Object(SitesController), Object(CakeRequest), Object(CakeResponse))
#2 /Applications/XAMPP/xamppfiles/htdocs/doooie/webroot/index.php(101): Dispatcher->dispatch(Object(CakeRequest), Object(CakeResponse))
#3 {main}
2013-10-22 21:15:11 Error: [MissingActionException] Action SitesController::jstest.ctp() could not be found.
Exception Attributes: array (
  'controller' => 'SitesController',
  'action' => 'jstest.ctp',
)
Request URL: /doooie/sites/jstest.ctp
Stack Trace:
#0 /Applications/XAMPP/cakephp/lib/Cake/Routing/Dispatcher.php(187): Controller->invokeAction(Object(CakeRequest))
#1 /Applications/XAMPP/cakephp/lib/Cake/Routing/Dispatcher.php(162): Dispatcher->_invoke(Object(SitesController), Object(CakeRequest), Object(CakeResponse))
#2 /Applications/XAMPP/xamppfiles/htdocs/doooie/webroot/index.php(101): Dispatcher->dispatch(Object(CakeRequest), Object(CakeResponse))
#3 {main}
2013-10-22 21:15:11 Error: [MissingActionException] Action SitesController::jstest.ctp() could not be found.
Exception Attributes: array (
  'controller' => 'SitesController',
  'action' => 'jstest.ctp',
)
Request URL: /doooie/sites/jstest.ctp
Stack Trace:
#0 /Applications/XAMPP/cakephp/lib/Cake/Routing/Dispatcher.php(187): Controller->invokeAction(Object(CakeRequest))
#1 /Applications/XAMPP/cakephp/lib/Cake/Routing/Dispatcher.php(162): Dispatcher->_invoke(Object(SitesController), Object(CakeRequest), Object(CakeResponse))
#2 /Applications/XAMPP/xamppfiles/htdocs/doooie/webroot/index.php(101): Dispatcher->dispatch(Object(CakeRequest), Object(CakeResponse))
#3 {main}
2013-10-22 21:15:12 Error: [MissingActionException] Action SitesController::jstest.ctp() could not be found.
Exception Attributes: array (
  'controller' => 'SitesController',
  'action' => 'jstest.ctp',
)
Request URL: /doooie/sites/jstest.ctp
Stack Trace:
#0 /Applications/XAMPP/cakephp/lib/Cake/Routing/Dispatcher.php(187): Controller->invokeAction(Object(CakeRequest))
#1 /Applications/XAMPP/cakephp/lib/Cake/Routing/Dispatcher.php(162): Dispatcher->_invoke(Object(SitesController), Object(CakeRequest), Object(CakeResponse))
#2 /Applications/XAMPP/xamppfiles/htdocs/doooie/webroot/index.php(101): Dispatcher->dispatch(Object(CakeRequest), Object(CakeResponse))
#3 {main}
2013-10-22 21:16:21 Error: [MissingActionException] Action SitesController::jstest.ctp() could not be found.
Exception Attributes: array (
  'controller' => 'SitesController',
  'action' => 'jstest.ctp',
)
Request URL: /doooie/sites/jstest.ctp
Stack Trace:
#0 /Applications/XAMPP/cakephp/lib/Cake/Routing/Dispatcher.php(187): Controller->invokeAction(Object(CakeRequest))
#1 /Applications/XAMPP/cakephp/lib/Cake/Routing/Dispatcher.php(162): Dispatcher->_invoke(Object(SitesController), Object(CakeRequest), Object(CakeResponse))
#2 /Applications/XAMPP/xamppfiles/htdocs/doooie/webroot/index.php(101): Dispatcher->dispatch(Object(CakeRequest), Object(CakeResponse))
#3 {main}
2013-10-22 21:16:22 Error: [MissingActionException] Action SitesController::jstest.ctp() could not be found.
Exception Attributes: array (
  'controller' => 'SitesController',
  'action' => 'jstest.ctp',
)
Request URL: /doooie/sites/jstest.ctp
Stack Trace:
#0 /Applications/XAMPP/cakephp/lib/Cake/Routing/Dispatcher.php(187): Controller->invokeAction(Object(CakeRequest))
#1 /Applications/XAMPP/cakephp/lib/Cake/Routing/Dispatcher.php(162): Dispatcher->_invoke(Object(SitesController), Object(CakeRequest), Object(CakeResponse))
#2 /Applications/XAMPP/xamppfiles/htdocs/doooie/webroot/index.php(101): Dispatcher->dispatch(Object(CakeRequest), Object(CakeResponse))
#3 {main}
2013-10-22 21:16:27 Error: [MissingActionException] Action SitesController::jstest.ctp() could not be found.
Exception Attributes: array (
  'controller' => 'SitesController',
  'action' => 'jstest.ctp',
)
Request URL: /doooie/sites/jstest.ctp
Stack Trace:
#0 /Applications/XAMPP/cakephp/lib/Cake/Routing/Dispatcher.php(187): Controller->invokeAction(Object(CakeRequest))
#1 /Applications/XAMPP/cakephp/lib/Cake/Routing/Dispatcher.php(162): Dispatcher->_invoke(Object(SitesController), Object(CakeRequest), Object(CakeResponse))
#2 /Applications/XAMPP/xamppfiles/htdocs/doooie/webroot/index.php(101): Dispatcher->dispatch(Object(CakeRequest), Object(CakeResponse))
#3 {main}
2013-10-22 21:53:20 Error: [MissingActionException] Action SitesController::jstest.ctp() could not be found.
Exception Attributes: array (
  'controller' => 'SitesController',
  'action' => 'jstest.ctp',
)
Request URL: /doooie/sites/jstest.ctp
Stack Trace:
#0 /Applications/XAMPP/cakephp/lib/Cake/Routing/Dispatcher.php(187): Controller->invokeAction(Object(CakeRequest))
#1 /Applications/XAMPP/cakephp/lib/Cake/Routing/Dispatcher.php(162): Dispatcher->_invoke(Object(SitesController), Object(CakeRequest), Object(CakeResponse))
#2 /Applications/XAMPP/xamppfiles/htdocs/doooie/webroot/index.php(101): Dispatcher->dispatch(Object(CakeRequest), Object(CakeResponse))
#3 {main}
2013-10-22 21:57:17 Error: [MissingActionException] Action SitesController::jstest.ctp() could not be found.
Exception Attributes: array (
  'controller' => 'SitesController',
  'action' => 'jstest.ctp',
)
Request URL: /doooie/sites/jstest.ctp
Stack Trace:
#0 /Applications/XAMPP/cakephp/lib/Cake/Routing/Dispatcher.php(187): Controller->invokeAction(Object(CakeRequest))
#1 /Applications/XAMPP/cakephp/lib/Cake/Routing/Dispatcher.php(162): Dispatcher->_invoke(Object(SitesController), Object(CakeRequest), Object(CakeResponse))
#2 /Applications/XAMPP/xamppfiles/htdocs/doooie/webroot/index.php(101): Dispatcher->dispatch(Object(CakeRequest), Object(CakeResponse))
#3 {main}
2013-10-22 21:59:09 Error: [MissingActionException] Action SitesController::jstest.ctp() could not be found.
Exception Attributes: array (
  'controller' => 'SitesController',
  'action' => 'jstest.ctp',
)
Request URL: /doooie/sites/jstest.ctp
Stack Trace:
#0 /Applications/XAMPP/cakephp/lib/Cake/Routing/Dispatcher.php(187): Controller->invokeAction(Object(CakeRequest))
#1 /Applications/XAMPP/cakephp/lib/Cake/Routing/Dispatcher.php(162): Dispatcher->_invoke(Object(SitesController), Object(CakeRequest), Object(CakeResponse))
#2 /Applications/XAMPP/xamppfiles/htdocs/doooie/webroot/index.php(101): Dispatcher->dispatch(Object(CakeRequest), Object(CakeResponse))
#3 {main}
2013-10-22 22:00:10 Error: [MissingControllerException] Controller class WebrootController could not be found.
Exception Attributes: array (
  'class' => 'WebrootController',
  'plugin' => NULL,
)
Request URL: /doooie/webroot/js/jss.js'
Stack Trace:
#0 /Applications/XAMPP/xamppfiles/htdocs/doooie/webroot/index.php(101): Dispatcher->dispatch(Object(CakeRequest), Object(CakeResponse))
#1 {main}
2013-10-23 13:41:06 Error: [MissingControllerException] Controller class WebrootController could not be found.
Exception Attributes: array (
  'class' => 'WebrootController',
  'plugin' => NULL,
)
Request URL: /doooie/webroot/js/jss.ctp
Stack Trace:
#0 /Applications/XAMPP/xamppfiles/htdocs/doooie/webroot/index.php(101): Dispatcher->dispatch(Object(CakeRequest), Object(CakeResponse))
#1 {main}
2013-10-23 13:42:55 Error: [MissingActionException] Action SitesController::jstest.ctp() could not be found.
Exception Attributes: array (
  'controller' => 'SitesController',
  'action' => 'jstest.ctp',
)
Request URL: /doooie/sites/jstest.ctp
Stack Trace:
#0 /Applications/XAMPP/cakephp/lib/Cake/Routing/Dispatcher.php(187): Controller->invokeAction(Object(CakeRequest))
#1 /Applications/XAMPP/cakephp/lib/Cake/Routing/Dispatcher.php(162): Dispatcher->_invoke(Object(SitesController), Object(CakeRequest), Object(CakeResponse))
#2 /Applications/XAMPP/xamppfiles/htdocs/doooie/webroot/index.php(101): Dispatcher->dispatch(Object(CakeRequest), Object(CakeResponse))
#3 {main}
2013-10-23 13:43:18 Error: [MissingActionException] Action SitesController::jstest.ctp() could not be found.
Exception Attributes: array (
  'controller' => 'SitesController',
  'action' => 'jstest.ctp',
)
Request URL: /doooie/sites/jstest.ctp
Stack Trace:
#0 /Applications/XAMPP/cakephp/lib/Cake/Routing/Dispatcher.php(187): Controller->invokeAction(Object(CakeRequest))
#1 /Applications/XAMPP/cakephp/lib/Cake/Routing/Dispatcher.php(162): Dispatcher->_invoke(Object(SitesController), Object(CakeRequest), Object(CakeResponse))
#2 /Applications/XAMPP/xamppfiles/htdocs/doooie/webroot/index.php(101): Dispatcher->dispatch(Object(CakeRequest), Object(CakeResponse))
#3 {main}
2013-10-23 15:41:38 Error: [MissingActionException] Action UsersController::localhost() could not be found.
Exception Attributes: array (
  'controller' => 'UsersController',
  'action' => 'localhost',
)
Request URL: /doooie/users/localhost/doooie/sites/add
Stack Trace:
#0 /Applications/XAMPP/cakephp/lib/Cake/Routing/Dispatcher.php(187): Controller->invokeAction(Object(CakeRequest))
#1 /Applications/XAMPP/cakephp/lib/Cake/Routing/Dispatcher.php(162): Dispatcher->_invoke(Object(UsersController), Object(CakeRequest), Object(CakeResponse))
#2 /Applications/XAMPP/xamppfiles/htdocs/doooie/webroot/index.php(101): Dispatcher->dispatch(Object(CakeRequest), Object(CakeResponse))
#3 {main}
2013-10-23 19:14:12 Error: Fatal Error (1): Call to undefined method SitesController::getRequestMethod() in [/Applications/XAMPP/xamppfiles/htdocs/doooie/Controller/AppController.php, line 46]
2013-10-23 19:14:12 Error: [FatalErrorException] Call to undefined method SitesController::getRequestMethod()
Request URL: /doooie/sites/bookmarklet
Stack Trace:
#0 /Applications/XAMPP/cakephp/lib/Cake/Error/ErrorHandler.php(205): ErrorHandler::handleFatalError(1, 'Call to undefin...', '/Applications/X...', 46)
#1 [internal function]: ErrorHandler::handleError(1, 'Call to undefin...', '/Applications/X...', 46, Array)
#2 /Applications/XAMPP/cakephp/lib/Cake/Core/App.php(931): call_user_func('ErrorHandler::h...', 1, 'Call to undefin...', '/Applications/X...', 46, Array)
#3 /Applications/XAMPP/cakephp/lib/Cake/Core/App.php(904): App::_checkFatalError()
#4 [internal function]: App::shutdown()
#5 {main}
2013-10-23 19:14:52 Error: Fatal Error (1): Call to undefined method SitesController::getRequestMethod() in [/Applications/XAMPP/xamppfiles/htdocs/doooie/Controller/AppController.php, line 46]
2013-10-23 19:14:52 Error: [FatalErrorException] Call to undefined method SitesController::getRequestMethod()
Request URL: /doooie/sites/bookmarklet
Stack Trace:
#0 /Applications/XAMPP/cakephp/lib/Cake/Error/ErrorHandler.php(205): ErrorHandler::handleFatalError(1, 'Call to undefin...', '/Applications/X...', 46)
#1 [internal function]: ErrorHandler::handleError(1, 'Call to undefin...', '/Applications/X...', 46, Array)
#2 /Applications/XAMPP/cakephp/lib/Cake/Core/App.php(931): call_user_func('ErrorHandler::h...', 1, 'Call to undefin...', '/Applications/X...', 46, Array)
#3 /Applications/XAMPP/cakephp/lib/Cake/Core/App.php(904): App::_checkFatalError()
#4 [internal function]: App::shutdown()
#5 {main}
2013-10-23 19:16:13 Error: Fatal Error (1): Call to undefined method SitesController::getRequestMethod() in [/Applications/XAMPP/xamppfiles/htdocs/doooie/Controller/AppController.php, line 48]
2013-10-23 19:16:13 Error: [FatalErrorException] Call to undefined method SitesController::getRequestMethod()
Request URL: /doooie/sites/bookmarklet
Stack Trace:
#0 /Applications/XAMPP/cakephp/lib/Cake/Error/ErrorHandler.php(205): ErrorHandler::handleFatalError(1, 'Call to undefin...', '/Applications/X...', 48)
#1 [internal function]: ErrorHandler::handleError(1, 'Call to undefin...', '/Applications/X...', 48, Array)
#2 /Applications/XAMPP/cakephp/lib/Cake/Core/App.php(931): call_user_func('ErrorHandler::h...', 1, 'Call to undefin...', '/Applications/X...', 48, Array)
#3 /Applications/XAMPP/cakephp/lib/Cake/Core/App.php(904): App::_checkFatalError()
#4 [internal function]: App::shutdown()
#5 {main}
2013-10-23 19:23:56 Error: Fatal Error (1): Call to a member function set_header() on a non-object in [/Applications/XAMPP/xamppfiles/htdocs/doooie/Controller/AppController.php, line 43]
2013-10-23 19:23:56 Error: [FatalErrorException] Call to a member function set_header() on a non-object
Request URL: /doooie/sites
Stack Trace:
#0 /Applications/XAMPP/cakephp/lib/Cake/Error/ErrorHandler.php(205): ErrorHandler::handleFatalError(1, 'Call to a membe...', '/Applications/X...', 43)
#1 [internal function]: ErrorHandler::handleError(1, 'Call to a membe...', '/Applications/X...', 43, Array)
#2 /Applications/XAMPP/cakephp/lib/Cake/Core/App.php(931): call_user_func('ErrorHandler::h...', 1, 'Call to a membe...', '/Applications/X...', 43, Array)
#3 /Applications/XAMPP/cakephp/lib/Cake/Core/App.php(904): App::_checkFatalError()
#4 [internal function]: App::shutdown()
#5 {main}
2013-10-28 02:50:17 Error: Fatal Error (1): Call to a member function find() on a non-object in [/Applications/XAMPP/xamppfiles/htdocs/doooie/Controller/SitesController.php, line 86]
2013-10-28 02:50:17 Error: [FatalErrorException] Call to a member function find() on a non-object
Request URL: /doooie/sites/add
Stack Trace:
#0 /Applications/XAMPP/cakephp/lib/Cake/Error/ErrorHandler.php(205): ErrorHandler::handleFatalError(1, 'Call to a membe...', '/Applications/X...', 86)
#1 [internal function]: ErrorHandler::handleError(1, 'Call to a membe...', '/Applications/X...', 86, Array)
#2 /Applications/XAMPP/cakephp/lib/Cake/Core/App.php(931): call_user_func('ErrorHandler::h...', 1, 'Call to a membe...', '/Applications/X...', 86, Array)
#3 /Applications/XAMPP/cakephp/lib/Cake/Core/App.php(904): App::_checkFatalError()
#4 [internal function]: App::shutdown()
#5 {main}
2013-10-28 02:50:41 Error: Fatal Error (1): Call to a member function find() on a non-object in [/Applications/XAMPP/xamppfiles/htdocs/doooie/Controller/SitesController.php, line 86]
2013-10-28 02:50:41 Error: [FatalErrorException] Call to a member function find() on a non-object
Request URL: /doooie/sites/add
Stack Trace:
#0 /Applications/XAMPP/cakephp/lib/Cake/Error/ErrorHandler.php(205): ErrorHandler::handleFatalError(1, 'Call to a membe...', '/Applications/X...', 86)
#1 [internal function]: ErrorHandler::handleError(1, 'Call to a membe...', '/Applications/X...', 86, Array)
#2 /Applications/XAMPP/cakephp/lib/Cake/Core/App.php(931): call_user_func('ErrorHandler::h...', 1, 'Call to a membe...', '/Applications/X...', 86, Array)
#3 /Applications/XAMPP/cakephp/lib/Cake/Core/App.php(904): App::_checkFatalError()
#4 [internal function]: App::shutdown()
#5 {main}
2013-10-28 02:51:17 Error: Fatal Error (1): Call to a member function find() on a non-object in [/Applications/XAMPP/xamppfiles/htdocs/doooie/Controller/SitesController.php, line 86]
2013-10-28 02:51:17 Error: [FatalErrorException] Call to a member function find() on a non-object
Request URL: /doooie/sites/add
Stack Trace:
#0 /Applications/XAMPP/cakephp/lib/Cake/Error/ErrorHandler.php(205): ErrorHandler::handleFatalError(1, 'Call to a membe...', '/Applications/X...', 86)
#1 [internal function]: ErrorHandler::handleError(1, 'Call to a membe...', '/Applications/X...', 86, Array)
#2 /Applications/XAMPP/cakephp/lib/Cake/Core/App.php(931): call_user_func('ErrorHandler::h...', 1, 'Call to a membe...', '/Applications/X...', 86, Array)
#3 /Applications/XAMPP/cakephp/lib/Cake/Core/App.php(904): App::_checkFatalError()
#4 [internal function]: App::shutdown()
#5 {main}
2013-10-28 02:53:09 Error: Fatal Error (1): Call to a member function find() on a non-object in [/Applications/XAMPP/xamppfiles/htdocs/doooie/Controller/SitesController.php, line 86]
2013-10-28 02:53:09 Error: [FatalErrorException] Call to a member function find() on a non-object
Request URL: /doooie/sites/add
Stack Trace:
#0 /Applications/XAMPP/cakephp/lib/Cake/Error/ErrorHandler.php(205): ErrorHandler::handleFatalError(1, 'Call to a membe...', '/Applications/X...', 86)
#1 [internal function]: ErrorHandler::handleError(1, 'Call to a membe...', '/Applications/X...', 86, Array)
#2 /Applications/XAMPP/cakephp/lib/Cake/Core/App.php(931): call_user_func('ErrorHandler::h...', 1, 'Call to a membe...', '/Applications/X...', 86, Array)
#3 /Applications/XAMPP/cakephp/lib/Cake/Core/App.php(904): App::_checkFatalError()
#4 [internal function]: App::shutdown()
#5 {main}
2013-10-29 13:28:30 Error: Fatal Error (1): Call to a member function find() on a non-object in [/Applications/XAMPP/xamppfiles/htdocs/doooie/Controller/SitesController.php, line 86]
2013-10-29 13:28:30 Error: [FatalErrorException] Call to a member function find() on a non-object
Request URL: /doooie/sites/add
Stack Trace:
#0 /Applications/XAMPP/cakephp/lib/Cake/Error/ErrorHandler.php(205): ErrorHandler::handleFatalError(1, 'Call to a membe...', '/Applications/X...', 86)
#1 [internal function]: ErrorHandler::handleError(1, 'Call to a membe...', '/Applications/X...', 86, Array)
#2 /Applications/XAMPP/cakephp/lib/Cake/Core/App.php(931): call_user_func('ErrorHandler::h...', 1, 'Call to a membe...', '/Applications/X...', 86, Array)
#3 /Applications/XAMPP/cakephp/lib/Cake/Core/App.php(904): App::_checkFatalError()
#4 [internal function]: App::shutdown()
#5 {main}
2013-10-29 14:05:57 Error: [MissingActionException] Action SitesController::bookmarklet() could not be found.
Exception Attributes: array (
  'controller' => 'SitesController',
  'action' => 'bookmarklet',
)
Request URL: /doooie/sites/bookmarklet
Stack Trace:
#0 /Applications/XAMPP/cakephp/lib/Cake/Routing/Dispatcher.php(187): Controller->invokeAction(Object(CakeRequest))
#1 /Applications/XAMPP/cakephp/lib/Cake/Routing/Dispatcher.php(162): Dispatcher->_invoke(Object(SitesController), Object(CakeRequest), Object(CakeResponse))
#2 /Applications/XAMPP/xamppfiles/htdocs/doooie/webroot/index.php(101): Dispatcher->dispatch(Object(CakeRequest), Object(CakeResponse))
#3 {main}
2013-10-29 14:06:16 Error: [MissingActionException] Action SitesController::bookmarklet() could not be found.
Exception Attributes: array (
  'controller' => 'SitesController',
  'action' => 'bookmarklet',
)
Request URL: /doooie/sites/bookmarklet
Stack Trace:
#0 /Applications/XAMPP/cakephp/lib/Cake/Routing/Dispatcher.php(187): Controller->invokeAction(Object(CakeRequest))
#1 /Applications/XAMPP/cakephp/lib/Cake/Routing/Dispatcher.php(162): Dispatcher->_invoke(Object(SitesController), Object(CakeRequest), Object(CakeResponse))
#2 /Applications/XAMPP/xamppfiles/htdocs/doooie/webroot/index.php(101): Dispatcher->dispatch(Object(CakeRequest), Object(CakeResponse))
#3 {main}
2013-10-29 14:07:01 Error: [MissingActionException] Action SitesController::bookmarklet() could not be found.
Exception Attributes: array (
  'controller' => 'SitesController',
  'action' => 'bookmarklet',
)
Request URL: /doooie/sites/bookmarklet
Stack Trace:
#0 /Applications/XAMPP/cakephp/lib/Cake/Routing/Dispatcher.php(187): Controller->invokeAction(Object(CakeRequest))
#1 /Applications/XAMPP/cakephp/lib/Cake/Routing/Dispatcher.php(162): Dispatcher->_invoke(Object(SitesController), Object(CakeRequest), Object(CakeResponse))
#2 /Applications/XAMPP/xamppfiles/htdocs/doooie/webroot/index.php(101): Dispatcher->dispatch(Object(CakeRequest), Object(CakeResponse))
#3 {main}
2013-10-29 18:39:44 Error: [MissingControllerException] Controller class Www.facebook.comController could not be found.
Exception Attributes: array (
  'class' => 'Www.facebook.comController',
  'plugin' => NULL,
)
Request URL: /doooie/www.facebook.com/globaljake
Stack Trace:
#0 /Applications/XAMPP/xamppfiles/htdocs/doooie/webroot/index.php(101): Dispatcher->dispatch(Object(CakeRequest), Object(CakeResponse))
#1 {main}
2013-10-29 19:50:19 Error: Fatal Error (4): syntax error, unexpected '=', expecting ')' in [/Applications/XAMPP/xamppfiles/htdocs/doooie/View/Sites/bkmkiframe.ctp, line 20]
2013-10-29 19:50:19 Error: [FatalErrorException] syntax error, unexpected '=', expecting ')'
Request URL: /doooie/sites/bkmkiframe?url=ok&title=cool
Stack Trace:
#0 /Applications/XAMPP/cakephp/lib/Cake/Error/ErrorHandler.php(205): ErrorHandler::handleFatalError(4, 'syntax error, u...', '/Applications/X...', 20)
#1 [internal function]: ErrorHandler::handleError(4, 'syntax error, u...', '/Applications/X...', 20, Array)
#2 /Applications/XAMPP/cakephp/lib/Cake/Core/App.php(931): call_user_func('ErrorHandler::h...', 4, 'syntax error, u...', '/Applications/X...', 20, Array)
#3 /Applications/XAMPP/cakephp/lib/Cake/Core/App.php(904): App::_checkFatalError()
#4 [internal function]: App::shutdown()
#5 {main}
2013-10-29 20:03:10 Error: Fatal Error (4): syntax error, unexpected T_ARRAY in [/Applications/XAMPP/xamppfiles/htdocs/doooie/View/Sites/bkmkiframe.ctp, line 21]
2013-10-29 20:03:10 Error: [FatalErrorException] syntax error, unexpected T_ARRAY
Request URL: /doooie/sites/bkmkiframe?url=ok&title=cool
Stack Trace:
#0 /Applications/XAMPP/cakephp/lib/Cake/Error/ErrorHandler.php(205): ErrorHandler::handleFatalError(4, 'syntax error, u...', '/Applications/X...', 21)
#1 [internal function]: ErrorHandler::handleError(4, 'syntax error, u...', '/Applications/X...', 21, Array)
#2 /Applications/XAMPP/cakephp/lib/Cake/Core/App.php(931): call_user_func('ErrorHandler::h...', 4, 'syntax error, u...', '/Applications/X...', 21, Array)
#3 /Applications/XAMPP/cakephp/lib/Cake/Core/App.php(904): App::_checkFatalError()
#4 [internal function]: App::shutdown()
#5 {main}
2013-10-29 20:03:14 Error: Fatal Error (4): syntax error, unexpected T_ARRAY in [/Applications/XAMPP/xamppfiles/htdocs/doooie/View/Sites/bkmkiframe.ctp, line 21]
2013-10-29 20:03:14 Error: [FatalErrorException] syntax error, unexpected T_ARRAY
Request URL: /doooie/sites/bkmkiframe?url=ok&title=cool
Stack Trace:
#0 /Applications/XAMPP/cakephp/lib/Cake/Error/ErrorHandler.php(205): ErrorHandler::handleFatalError(4, 'syntax error, u...', '/Applications/X...', 21)
#1 [internal function]: ErrorHandler::handleError(4, 'syntax error, u...', '/Applications/X...', 21, Array)
#2 /Applications/XAMPP/cakephp/lib/Cake/Core/App.php(931): call_user_func('ErrorHandler::h...', 4, 'syntax error, u...', '/Applications/X...', 21, Array)
#3 /Applications/XAMPP/cakephp/lib/Cake/Core/App.php(904): App::_checkFatalError()
#4 [internal function]: App::shutdown()
#5 {main}
2013-10-29 20:03:28 Error: Fatal Error (4): syntax error, unexpected T_ARRAY in [/Applications/XAMPP/xamppfiles/htdocs/doooie/View/Sites/bkmkiframe.ctp, line 21]
2013-10-29 20:03:28 Error: [FatalErrorException] syntax error, unexpected T_ARRAY
Request URL: /doooie/sites/bkmkiframe?url=ok&title=cool
Stack Trace:
#0 /Applications/XAMPP/cakephp/lib/Cake/Error/ErrorHandler.php(205): ErrorHandler::handleFatalError(4, 'syntax error, u...', '/Applications/X...', 21)
#1 [internal function]: ErrorHandler::handleError(4, 'syntax error, u...', '/Applications/X...', 21, Array)
#2 /Applications/XAMPP/cakephp/lib/Cake/Core/App.php(931): call_user_func('ErrorHandler::h...', 4, 'syntax error, u...', '/Applications/X...', 21, Array)
#3 /Applications/XAMPP/cakephp/lib/Cake/Core/App.php(904): App::_checkFatalError()
#4 [internal function]: App::shutdown()
#5 {main}
2013-10-29 20:03:31 Error: Fatal Error (4): syntax error, unexpected T_ARRAY in [/Applications/XAMPP/xamppfiles/htdocs/doooie/View/Sites/bkmkiframe.ctp, line 21]
2013-10-29 20:03:31 Error: [FatalErrorException] syntax error, unexpected T_ARRAY
Request URL: /doooie/sites/bkmkiframe?url=ok&title=cool
Stack Trace:
#0 /Applications/XAMPP/cakephp/lib/Cake/Error/ErrorHandler.php(205): ErrorHandler::handleFatalError(4, 'syntax error, u...', '/Applications/X...', 21)
#1 [internal function]: ErrorHandler::handleError(4, 'syntax error, u...', '/Applications/X...', 21, Array)
#2 /Applications/XAMPP/cakephp/lib/Cake/Core/App.php(931): call_user_func('ErrorHandler::h...', 4, 'syntax error, u...', '/Applications/X...', 21, Array)
#3 /Applications/XAMPP/cakephp/lib/Cake/Core/App.php(904): App::_checkFatalError()
#4 [internal function]: App::shutdown()
#5 {main}
2013-10-29 20:03:40 Error: Fatal Error (4): syntax error, unexpected T_ARRAY in [/Applications/XAMPP/xamppfiles/htdocs/doooie/View/Sites/bkmkiframe.ctp, line 21]
2013-10-29 20:03:40 Error: [FatalErrorException] syntax error, unexpected T_ARRAY
Request URL: /doooie/sites/bkmkiframe?url=ok&title=cool
Stack Trace:
#0 /Applications/XAMPP/cakephp/lib/Cake/Error/ErrorHandler.php(205): ErrorHandler::handleFatalError(4, 'syntax error, u...', '/Applications/X...', 21)
#1 [internal function]: ErrorHandler::handleError(4, 'syntax error, u...', '/Applications/X...', 21, Array)
#2 /Applications/XAMPP/cakephp/lib/Cake/Core/App.php(931): call_user_func('ErrorHandler::h...', 4, 'syntax error, u...', '/Applications/X...', 21, Array)
#3 /Applications/XAMPP/cakephp/lib/Cake/Core/App.php(904): App::_checkFatalError()
#4 [internal function]: App::shutdown()
#5 {main}
2013-10-29 20:03:41 Error: Fatal Error (4): syntax error, unexpected T_ARRAY in [/Applications/XAMPP/xamppfiles/htdocs/doooie/View/Sites/bkmkiframe.ctp, line 21]
2013-10-29 20:03:41 Error: [FatalErrorException] syntax error, unexpected T_ARRAY
Request URL: /doooie/sites/bkmkiframe?url=ok&title=cool
Stack Trace:
#0 /Applications/XAMPP/cakephp/lib/Cake/Error/ErrorHandler.php(205): ErrorHandler::handleFatalError(4, 'syntax error, u...', '/Applications/X...', 21)
#1 [internal function]: ErrorHandler::handleError(4, 'syntax error, u...', '/Applications/X...', 21, Array)
#2 /Applications/XAMPP/cakephp/lib/Cake/Core/App.php(931): call_user_func('ErrorHandler::h...', 4, 'syntax error, u...', '/Applications/X...', 21, Array)
#3 /Applications/XAMPP/cakephp/lib/Cake/Core/App.php(904): App::_checkFatalError()
#4 [internal function]: App::shutdown()
#5 {main}
2013-10-29 21:00:39 Error: Fatal Error (4): syntax error, unexpected '=', expecting ')' in [/Applications/XAMPP/xamppfiles/htdocs/doooie/View/Sites/bkmkiframe.ctp, line 47]
2013-10-29 21:00:39 Error: [FatalErrorException] syntax error, unexpected '=', expecting ')'
Request URL: /doooie/sites/bkmkiframe?url=http%3A%2F%2Fwww.w3schools.com%2Fcssref%2Ftryit.asp%3Ffilename%3Dtrycss3_text-overflow&title=Tryit+Editor+v1.8
Stack Trace:
#0 /Applications/XAMPP/cakephp/lib/Cake/Error/ErrorHandler.php(205): ErrorHandler::handleFatalError(4, 'syntax error, u...', '/Applications/X...', 47)
#1 [internal function]: ErrorHandler::handleError(4, 'syntax error, u...', '/Applications/X...', 47, Array)
#2 /Applications/XAMPP/cakephp/lib/Cake/Core/App.php(931): call_user_func('ErrorHandler::h...', 4, 'syntax error, u...', '/Applications/X...', 47, Array)
#3 /Applications/XAMPP/cakephp/lib/Cake/Core/App.php(904): App::_checkFatalError()
#4 [internal function]: App::shutdown()
#5 {main}
2013-10-29 21:00:40 Error: Fatal Error (4): syntax error, unexpected '=', expecting ')' in [/Applications/XAMPP/xamppfiles/htdocs/doooie/View/Sites/bkmkiframe.ctp, line 47]
2013-10-29 21:00:40 Error: [FatalErrorException] syntax error, unexpected '=', expecting ')'
Request URL: /doooie/sites/bkmkiframe?url=http%3A%2F%2Fwww.w3schools.com%2Fcssref%2Ftryit.asp%3Ffilename%3Dtrycss3_text-overflow&title=Tryit+Editor+v1.8
Stack Trace:
#0 /Applications/XAMPP/cakephp/lib/Cake/Error/ErrorHandler.php(205): ErrorHandler::handleFatalError(4, 'syntax error, u...', '/Applications/X...', 47)
#1 [internal function]: ErrorHandler::handleError(4, 'syntax error, u...', '/Applications/X...', 47, Array)
#2 /Applications/XAMPP/cakephp/lib/Cake/Core/App.php(931): call_user_func('ErrorHandler::h...', 4, 'syntax error, u...', '/Applications/X...', 47, Array)
#3 /Applications/XAMPP/cakephp/lib/Cake/Core/App.php(904): App::_checkFatalError()
#4 [internal function]: App::shutdown()
#5 {main}
2013-10-29 21:00:52 Error: Fatal Error (4): syntax error, unexpected '=', expecting ')' in [/Applications/XAMPP/xamppfiles/htdocs/doooie/View/Sites/bkmkiframe.ctp, line 47]
2013-10-29 21:00:52 Error: [FatalErrorException] syntax error, unexpected '=', expecting ')'
Request URL: /doooie/sites/bkmkiframe?url=http%3A%2F%2Fstackoverflow.com%2Fquestions%2F10541939%2Fremove-line-break-between-form-label-and-input-cakephp&title=php+-+remove+line+break+between+form+label+and+input+cakephp+-+Stack+Overflow
Stack Trace:
#0 /Applications/XAMPP/cakephp/lib/Cake/Error/ErrorHandler.php(205): ErrorHandler::handleFatalError(4, 'syntax error, u...', '/Applications/X...', 47)
#1 [internal function]: ErrorHandler::handleError(4, 'syntax error, u...', '/Applications/X...', 47, Array)
#2 /Applications/XAMPP/cakephp/lib/Cake/Core/App.php(931): call_user_func('ErrorHandler::h...', 4, 'syntax error, u...', '/Applications/X...', 47, Array)
#3 /Applications/XAMPP/cakephp/lib/Cake/Core/App.php(904): App::_checkFatalError()
#4 [internal function]: App::shutdown()
#5 {main}
2013-10-29 21:00:52 Error: Fatal Error (4): syntax error, unexpected '=', expecting ')' in [/Applications/XAMPP/xamppfiles/htdocs/doooie/View/Sites/bkmkiframe.ctp, line 47]
2013-10-29 21:00:52 Error: [FatalErrorException] syntax error, unexpected '=', expecting ')'
Request URL: /doooie/sites/bkmkiframe?url=http%3A%2F%2Fstackoverflow.com%2Fquestions%2F10541939%2Fremove-line-break-between-form-label-and-input-cakephp&title=php+-+remove+line+break+between+form+label+and+input+cakephp+-+Stack+Overflow
Stack Trace:
#0 /Applications/XAMPP/cakephp/lib/Cake/Error/ErrorHandler.php(205): ErrorHandler::handleFatalError(4, 'syntax error, u...', '/Applications/X...', 47)
#1 [internal function]: ErrorHandler::handleError(4, 'syntax error, u...', '/Applications/X...', 47, Array)
#2 /Applications/XAMPP/cakephp/lib/Cake/Core/App.php(931): call_user_func('ErrorHandler::h...', 4, 'syntax error, u...', '/Applications/X...', 47, Array)
#3 /Applications/XAMPP/cakephp/lib/Cake/Core/App.php(904): App::_checkFatalError()
#4 [internal function]: App::shutdown()
#5 {main}
2013-10-29 21:01:00 Error: Fatal Error (4): syntax error, unexpected '=', expecting ')' in [/Applications/XAMPP/xamppfiles/htdocs/doooie/View/Sites/bkmkiframe.ctp, line 47]
2013-10-29 21:01:00 Error: [FatalErrorException] syntax error, unexpected '=', expecting ')'
Request URL: /doooie/sites/bkmkiframe?url=http%3A%2F%2Fwww.onextrapixel.com%2Fexamples%2Fpure-css-custom-form-elements%2F&title=Custom+Style+All+Your+Form+Elements+with+Pure+CSS+and+NO+JavaScript+Demo+-+Onextrapixel
Stack Trace:
#0 /Applications/XAMPP/cakephp/lib/Cake/Error/ErrorHandler.php(205): ErrorHandler::handleFatalError(4, 'syntax error, u...', '/Applications/X...', 47)
#1 [internal function]: ErrorHandler::handleError(4, 'syntax error, u...', '/Applications/X...', 47, Array)
#2 /Applications/XAMPP/cakephp/lib/Cake/Core/App.php(931): call_user_func('ErrorHandler::h...', 4, 'syntax error, u...', '/Applications/X...', 47, Array)
#3 /Applications/XAMPP/cakephp/lib/Cake/Core/App.php(904): App::_checkFatalError()
#4 [internal function]: App::shutdown()
#5 {main}
2013-10-29 21:01:00 Error: Fatal Error (4): syntax error, unexpected '=', expecting ')' in [/Applications/XAMPP/xamppfiles/htdocs/doooie/View/Sites/bkmkiframe.ctp, line 47]
2013-10-29 21:01:00 Error: [FatalErrorException] syntax error, unexpected '=', expecting ')'
Request URL: /doooie/sites/bkmkiframe?url=http%3A%2F%2Fwww.onextrapixel.com%2Fexamples%2Fpure-css-custom-form-elements%2F&title=Custom+Style+All+Your+Form+Elements+with+Pure+CSS+and+NO+JavaScript+Demo+-+Onextrapixel
Stack Trace:
#0 /Applications/XAMPP/cakephp/lib/Cake/Error/ErrorHandler.php(205): ErrorHandler::handleFatalError(4, 'syntax error, u...', '/Applications/X...', 47)
#1 [internal function]: ErrorHandler::handleError(4, 'syntax error, u...', '/Applications/X...', 47, Array)
#2 /Applications/XAMPP/cakephp/lib/Cake/Core/App.php(931): call_user_func('ErrorHandler::h...', 4, 'syntax error, u...', '/Applications/X...', 47, Array)
#3 /Applications/XAMPP/cakephp/lib/Cake/Core/App.php(904): App::_checkFatalError()
#4 [internal function]: App::shutdown()
#5 {main}
2013-10-30 13:30:47 Error: Fatal Error (1): Call to a member function find() on a non-object in [/Applications/XAMPP/xamppfiles/htdocs/doooie/Controller/SitesController.php, line 126]
2013-10-30 13:30:47 Error: [FatalErrorException] Call to a member function find() on a non-object
Request URL: /doooie/sites/edit/1
Stack Trace:
#0 /Applications/XAMPP/cakephp/lib/Cake/Error/ErrorHandler.php(205): ErrorHandler::handleFatalError(1, 'Call to a membe...', '/Applications/X...', 126)
#1 [internal function]: ErrorHandler::handleError(1, 'Call to a membe...', '/Applications/X...', 126, Array)
#2 /Applications/XAMPP/cakephp/lib/Cake/Core/App.php(931): call_user_func('ErrorHandler::h...', 1, 'Call to a membe...', '/Applications/X...', 126, Array)
#3 /Applications/XAMPP/cakephp/lib/Cake/Core/App.php(904): App::_checkFatalError()
#4 [internal function]: App::shutdown()
#5 {main}
2013-10-30 16:54:10 Error: Fatal Error (4): syntax error, unexpected T_PUBLIC in [/Applications/XAMPP/xamppfiles/htdocs/doooie/Controller/UsersController.php, line 72]
2013-10-30 16:54:10 Error: [FatalErrorException] syntax error, unexpected T_PUBLIC
Request URL: /doooie/users/login
Stack Trace:
#0 /Applications/XAMPP/cakephp/lib/Cake/Error/ErrorHandler.php(205): ErrorHandler::handleFatalError(4, 'syntax error, u...', '/Applications/X...', 72)
#1 [internal function]: ErrorHandler::handleError(4, 'syntax error, u...', '/Applications/X...', 72, Array)
#2 /Applications/XAMPP/cakephp/lib/Cake/Core/App.php(931): call_user_func('ErrorHandler::h...', 4, 'syntax error, u...', '/Applications/X...', 72, Array)
#3 /Applications/XAMPP/cakephp/lib/Cake/Core/App.php(904): App::_checkFatalError()
#4 [internal function]: App::shutdown()
#5 {main}
2013-10-30 16:54:16 Error: Fatal Error (4): syntax error, unexpected T_PUBLIC in [/Applications/XAMPP/xamppfiles/htdocs/doooie/Controller/UsersController.php, line 72]
2013-10-30 16:54:16 Error: [FatalErrorException] syntax error, unexpected T_PUBLIC
Request URL: /doooie/users/login
Stack Trace:
#0 /Applications/XAMPP/cakephp/lib/Cake/Error/ErrorHandler.php(205): ErrorHandler::handleFatalError(4, 'syntax error, u...', '/Applications/X...', 72)
#1 [internal function]: ErrorHandler::handleError(4, 'syntax error, u...', '/Applications/X...', 72, Array)
#2 /Applications/XAMPP/cakephp/lib/Cake/Core/App.php(931): call_user_func('ErrorHandler::h...', 4, 'syntax error, u...', '/Applications/X...', 72, Array)
#3 /Applications/XAMPP/cakephp/lib/Cake/Core/App.php(904): App::_checkFatalError()
#4 [internal function]: App::shutdown()
#5 {main}
2013-10-30 16:54:40 Error: Fatal Error (4): syntax error, unexpected T_PUBLIC in [/Applications/XAMPP/xamppfiles/htdocs/doooie/Controller/UsersController.php, line 72]
2013-10-30 16:54:40 Error: [FatalErrorException] syntax error, unexpected T_PUBLIC
Request URL: /doooie/users/login
Stack Trace:
#0 /Applications/XAMPP/cakephp/lib/Cake/Error/ErrorHandler.php(205): ErrorHandler::handleFatalError(4, 'syntax error, u...', '/Applications/X...', 72)
#1 [internal function]: ErrorHandler::handleError(4, 'syntax error, u...', '/Applications/X...', 72, Array)
#2 /Applications/XAMPP/cakephp/lib/Cake/Core/App.php(931): call_user_func('ErrorHandler::h...', 4, 'syntax error, u...', '/Applications/X...', 72, Array)
#3 /Applications/XAMPP/cakephp/lib/Cake/Core/App.php(904): App::_checkFatalError()
#4 [internal function]: App::shutdown()
#5 {main}
2013-10-30 16:54:41 Error: Fatal Error (4): syntax error, unexpected T_PUBLIC in [/Applications/XAMPP/xamppfiles/htdocs/doooie/Controller/UsersController.php, line 72]
2013-10-30 16:54:41 Error: [FatalErrorException] syntax error, unexpected T_PUBLIC
Request URL: /doooie/users/login
Stack Trace:
#0 /Applications/XAMPP/cakephp/lib/Cake/Error/ErrorHandler.php(205): ErrorHandler::handleFatalError(4, 'syntax error, u...', '/Applications/X...', 72)
#1 [internal function]: ErrorHandler::handleError(4, 'syntax error, u...', '/Applications/X...', 72, Array)
#2 /Applications/XAMPP/cakephp/lib/Cake/Core/App.php(931): call_user_func('ErrorHandler::h...', 4, 'syntax error, u...', '/Applications/X...', 72, Array)
#3 /Applications/XAMPP/cakephp/lib/Cake/Core/App.php(904): App::_checkFatalError()
#4 [internal function]: App::shutdown()
#5 {main}
2013-10-30 16:55:06 Error: Fatal Error (4): syntax error, unexpected T_PUBLIC in [/Applications/XAMPP/xamppfiles/htdocs/doooie/Controller/UsersController.php, line 72]
2013-10-30 16:55:06 Error: [FatalErrorException] syntax error, unexpected T_PUBLIC
Request URL: /doooie/users/login
Stack Trace:
#0 /Applications/XAMPP/cakephp/lib/Cake/Error/ErrorHandler.php(205): ErrorHandler::handleFatalError(4, 'syntax error, u...', '/Applications/X...', 72)
#1 [internal function]: ErrorHandler::handleError(4, 'syntax error, u...', '/Applications/X...', 72, Array)
#2 /Applications/XAMPP/cakephp/lib/Cake/Core/App.php(931): call_user_func('ErrorHandler::h...', 4, 'syntax error, u...', '/Applications/X...', 72, Array)
#3 /Applications/XAMPP/cakephp/lib/Cake/Core/App.php(904): App::_checkFatalError()
#4 [internal function]: App::shutdown()
#5 {main}
2013-10-30 16:55:36 Error: Fatal Error (4): syntax error, unexpected T_PUBLIC in [/Applications/XAMPP/xamppfiles/htdocs/doooie/Controller/UsersController.php, line 72]
2013-10-30 16:55:36 Error: [FatalErrorException] syntax error, unexpected T_PUBLIC
Request URL: /doooie/users/login
Stack Trace:
#0 /Applications/XAMPP/cakephp/lib/Cake/Error/ErrorHandler.php(205): ErrorHandler::handleFatalError(4, 'syntax error, u...', '/Applications/X...', 72)
#1 [internal function]: ErrorHandler::handleError(4, 'syntax error, u...', '/Applications/X...', 72, Array)
#2 /Applications/XAMPP/cakephp/lib/Cake/Core/App.php(931): call_user_func('ErrorHandler::h...', 4, 'syntax error, u...', '/Applications/X...', 72, Array)
#3 /Applications/XAMPP/cakephp/lib/Cake/Core/App.php(904): App::_checkFatalError()
#4 [internal function]: App::shutdown()
#5 {main}
2013-10-30 16:56:00 Error: Fatal Error (4): syntax error, unexpected T_PUBLIC in [/Applications/XAMPP/xamppfiles/htdocs/doooie/Controller/UsersController.php, line 72]
2013-10-30 16:56:00 Error: [FatalErrorException] syntax error, unexpected T_PUBLIC
Request URL: /doooie/users/logout
Stack Trace:
#0 /Applications/XAMPP/cakephp/lib/Cake/Error/ErrorHandler.php(205): ErrorHandler::handleFatalError(4, 'syntax error, u...', '/Applications/X...', 72)
#1 [internal function]: ErrorHandler::handleError(4, 'syntax error, u...', '/Applications/X...', 72, Array)
#2 /Applications/XAMPP/cakephp/lib/Cake/Core/App.php(931): call_user_func('ErrorHandler::h...', 4, 'syntax error, u...', '/Applications/X...', 72, Array)
#3 /Applications/XAMPP/cakephp/lib/Cake/Core/App.php(904): App::_checkFatalError()
#4 [internal function]: App::shutdown()
#5 {main}
2013-10-30 16:56:05 Error: Fatal Error (4): syntax error, unexpected T_PUBLIC in [/Applications/XAMPP/xamppfiles/htdocs/doooie/Controller/UsersController.php, line 72]
2013-10-30 16:56:05 Error: [FatalErrorException] syntax error, unexpected T_PUBLIC
Request URL: /doooie/users/login
Stack Trace:
#0 /Applications/XAMPP/cakephp/lib/Cake/Error/ErrorHandler.php(205): ErrorHandler::handleFatalError(4, 'syntax error, u...', '/Applications/X...', 72)
#1 [internal function]: ErrorHandler::handleError(4, 'syntax error, u...', '/Applications/X...', 72, Array)
#2 /Applications/XAMPP/cakephp/lib/Cake/Core/App.php(931): call_user_func('ErrorHandler::h...', 4, 'syntax error, u...', '/Applications/X...', 72, Array)
#3 /Applications/XAMPP/cakephp/lib/Cake/Core/App.php(904): App::_checkFatalError()
#4 [internal function]: App::shutdown()
#5 {main}
2013-10-30 16:56:44 Error: Fatal Error (4): syntax error, unexpected T_PUBLIC in [/Applications/XAMPP/xamppfiles/htdocs/doooie/Controller/UsersController.php, line 72]
2013-10-30 16:56:44 Error: [FatalErrorException] syntax error, unexpected T_PUBLIC
Request URL: /doooie/users/login
Stack Trace:
#0 /Applications/XAMPP/cakephp/lib/Cake/Error/ErrorHandler.php(205): ErrorHandler::handleFatalError(4, 'syntax error, u...', '/Applications/X...', 72)
#1 [internal function]: ErrorHandler::handleError(4, 'syntax error, u...', '/Applications/X...', 72, Array)
#2 /Applications/XAMPP/cakephp/lib/Cake/Core/App.php(931): call_user_func('ErrorHandler::h...', 4, 'syntax error, u...', '/Applications/X...', 72, Array)
#3 /Applications/XAMPP/cakephp/lib/Cake/Core/App.php(904): App::_checkFatalError()
#4 [internal function]: App::shutdown()
#5 {main}
2013-10-30 16:59:48 Error: Fatal Error (4): syntax error, unexpected T_PUBLIC in [/Applications/XAMPP/xamppfiles/htdocs/doooie/Controller/UsersController.php, line 72]
2013-10-30 16:59:48 Error: [FatalErrorException] syntax error, unexpected T_PUBLIC
Request URL: /doooie/users/logout
Stack Trace:
#0 /Applications/XAMPP/cakephp/lib/Cake/Error/ErrorHandler.php(205): ErrorHandler::handleFatalError(4, 'syntax error, u...', '/Applications/X...', 72)
#1 [internal function]: ErrorHandler::handleError(4, 'syntax error, u...', '/Applications/X...', 72, Array)
#2 /Applications/XAMPP/cakephp/lib/Cake/Core/App.php(931): call_user_func('ErrorHandler::h...', 4, 'syntax error, u...', '/Applications/X...', 72, Array)
#3 /Applications/XAMPP/cakephp/lib/Cake/Core/App.php(904): App::_checkFatalError()
#4 [internal function]: App::shutdown()
#5 {main}
2013-10-30 16:59:53 Error: Fatal Error (4): syntax error, unexpected T_PUBLIC in [/Applications/XAMPP/xamppfiles/htdocs/doooie/Controller/UsersController.php, line 72]
2013-10-30 16:59:53 Error: [FatalErrorException] syntax error, unexpected T_PUBLIC
Request URL: /doooie/users/login
Stack Trace:
#0 /Applications/XAMPP/cakephp/lib/Cake/Error/ErrorHandler.php(205): ErrorHandler::handleFatalError(4, 'syntax error, u...', '/Applications/X...', 72)
#1 [internal function]: ErrorHandler::handleError(4, 'syntax error, u...', '/Applications/X...', 72, Array)
#2 /Applications/XAMPP/cakephp/lib/Cake/Core/App.php(931): call_user_func('ErrorHandler::h...', 4, 'syntax error, u...', '/Applications/X...', 72, Array)
#3 /Applications/XAMPP/cakephp/lib/Cake/Core/App.php(904): App::_checkFatalError()
#4 [internal function]: App::shutdown()
#5 {main}
2013-10-30 17:00:23 Error: Fatal Error (4): syntax error, unexpected T_PUBLIC in [/Applications/XAMPP/xamppfiles/htdocs/doooie/Controller/UsersController.php, line 72]
2013-10-30 17:00:23 Error: [FatalErrorException] syntax error, unexpected T_PUBLIC
Request URL: /doooie/users/login
Stack Trace:
#0 /Applications/XAMPP/cakephp/lib/Cake/Error/ErrorHandler.php(205): ErrorHandler::handleFatalError(4, 'syntax error, u...', '/Applications/X...', 72)
#1 [internal function]: ErrorHandler::handleError(4, 'syntax error, u...', '/Applications/X...', 72, Array)
#2 /Applications/XAMPP/cakephp/lib/Cake/Core/App.php(931): call_user_func('ErrorHandler::h...', 4, 'syntax error, u...', '/Applications/X...', 72, Array)
#3 /Applications/XAMPP/cakephp/lib/Cake/Core/App.php(904): App::_checkFatalError()
#4 [internal function]: App::shutdown()
#5 {main}
2013-10-30 17:00:31 Error: Fatal Error (4): syntax error, unexpected T_PUBLIC in [/Applications/XAMPP/xamppfiles/htdocs/doooie/Controller/UsersController.php, line 72]
2013-10-30 17:00:31 Error: [FatalErrorException] syntax error, unexpected T_PUBLIC
Request URL: /doooie/users/login
Stack Trace:
#0 /Applications/XAMPP/cakephp/lib/Cake/Error/ErrorHandler.php(205): ErrorHandler::handleFatalError(4, 'syntax error, u...', '/Applications/X...', 72)
#1 [internal function]: ErrorHandler::handleError(4, 'syntax error, u...', '/Applications/X...', 72, Array)
#2 /Applications/XAMPP/cakephp/lib/Cake/Core/App.php(931): call_user_func('ErrorHandler::h...', 4, 'syntax error, u...', '/Applications/X...', 72, Array)
#3 /Applications/XAMPP/cakephp/lib/Cake/Core/App.php(904): App::_checkFatalError()
#4 [internal function]: App::shutdown()
#5 {main}
